This file contains any messages produced by compilers while
running configure, to aid debugging if configure makes a mistake.

It was created by Websockets Doom configure 0.0.1, which was
generated by GNU Autoconf 2.72.  Invocation command line was

  $ ./configure --host=none-none-none

## --------- ##
## Platform. ##
## --------- ##

hostname = catfoolyou-doom-bujw3ip7r1f
uname -m = x86_64
uname -r = 6.1.66-060166-generic
uname -s = Linux
uname -v = #202312122204 SMP PREEMPT_DYNAMIC Tue Dec 12 22:43:56 UTC 2023

/usr/bin/uname -p = x86_64
/bin/uname -X     = unknown

/bin/arch              = x86_64
/usr/bin/arch -k       = unknown
/usr/convex/getsysinfo = unknown
/usr/bin/hostinfo      = unknown
/bin/machine           = unknown
/usr/bin/oslevel       = unknown
/bin/universe          = unknown

PATH: /home/linuxbrew/.linuxbrew/Cellar/emscripten/3.1.51/libexec/cache/sysroot/bin/
PATH: /home/gitpod/.sdkman/candidates/maven/current/bin/
PATH: /home/gitpod/.sdkman/candidates/java/current/bin/
PATH: /home/gitpod/.sdkman/candidates/gradle/current/bin/
PATH: /workspace/.cargo/bin/
PATH: /home/gitpod/.rvm/gems/ruby-3.2.2/bin/
PATH: /home/gitpod/.rvm/gems/ruby-3.2.2@global/bin/
PATH: /home/gitpod/.rvm/rubies/ruby-3.2.2/bin/
PATH: /home/gitpod/.pyenv/shims/
PATH: /workspace/go/bin/
PATH: /home/gitpod/.nix-profile/bin/
PATH: /ide/bin/remote-cli/
PATH: /home/gitpod/go/bin/
PATH: /home/gitpod/go-packages/bin/
PATH: /home/gitpod/.nvm/versions/node/v20.11.0/bin/
PATH: /home/gitpod/.yarn/bin/
PATH: /home/gitpod/.pnpm/
PATH: /home/gitpod/.pyenv/bin/
PATH: /home/gitpod/.rvm/bin/
PATH: /home/gitpod/.cargo/bin/
PATH: /home/linuxbrew/.linuxbrew/bin/
PATH: /home/linuxbrew/.linuxbrew/sbin/
PATH: /home/gitpod/.local/bin/
PATH: /usr/games/
PATH: /usr/local/sbin/
PATH: /usr/local/bin/
PATH: /usr/sbin/
PATH: /usr/bin/
PATH: /sbin/
PATH: /bin/
PATH: /home/gitpod/.nvm/versions/node/v20.11.0/bin/
PATH: /home/gitpod/.rvm/bin/


## ----------- ##
## Core tests. ##
## ----------- ##

configure:2442: looking for aux files: missing install-sh compile ar-lib config.guess config.sub
configure:2455:  trying ./autotools/
configure:2484:   ./autotools/missing found
configure:2466:   ./autotools/install-sh found
configure:2484:   ./autotools/compile found
configure:2484:   ./autotools/ar-lib found
configure:2484:   ./autotools/config.guess found
configure:2484:   ./autotools/config.sub found
configure:2613: checking build system type
configure:2629: result: x86_64-pc-linux-gnu
configure:2649: checking host system type
configure:2664: result: none-none-none
configure:2708: checking for none-none-none-gcc
configure:2741: result: /home/linuxbrew/.linuxbrew/Cellar/emscripten/3.1.51/libexec/emcc
configure:3146: checking for C compiler version
configure:3155: /home/linuxbrew/.linuxbrew/Cellar/emscripten/3.1.51/libexec/emcc --version >&5
emcc (Emscripten gcc/clang-like replacement + linker emulating GNU ld) 3.1.51-git
Copyright (C) 2014 the Emscripten authors (see AUTHORS.txt)
This is free and open source software under the MIT license.
There is NO warranty; not even for MERCHANTABILITY or FITNESS FOR A PARTICULAR PURPOSE.

shared:INFO: (Emscripten: Running sanity checks)
configure:3166: $? = 0
configure:3155: /home/linuxbrew/.linuxbrew/Cellar/emscripten/3.1.51/libexec/emcc -v >&5
emcc (Emscripten gcc/clang-like replacement + linker emulating GNU ld) 3.1.51-git
clang version 18.0.0git
Target: wasm32-unknown-emscripten
Thread model: posix
InstalledDir: /home/linuxbrew/.linuxbrew/Cellar/emscripten/3.1.51/libexec/llvm/bin
configure:3166: $? = 0
configure:3155: /home/linuxbrew/.linuxbrew/Cellar/emscripten/3.1.51/libexec/emcc -V >&5
cache:INFO: generating system headers: sysroot_install.stamp... (this will be cached in "/home/linuxbrew/.linuxbrew/Cellar/emscripten/3.1.51/libexec/cache/sysroot_install.stamp" for subsequent builds)
cache:INFO:  - ok
cache:INFO: generating system asset: symbol_lists/6d9907f9878576400b26a993db9a5977782ae385.json... (this will be cached in "/home/linuxbrew/.linuxbrew/Cellar/emscripten/3.1.51/libexec/cache/symbol_lists/6d9907f9878576400b26a993db9a5977782ae385.json" for subsequent builds)
cache:INFO:  - ok
cache:INFO: generating system library: sysroot/lib/wasm32-emscripten/libGL.a... (this will be cached in "/home/linuxbrew/.linuxbrew/Cellar/emscripten/3.1.51/libexec/cache/sysroot/lib/wasm32-emscripten/libGL.a" for subsequent builds)
system_libs:INFO: compiled 4 inputs in 0.47s
cache:INFO:  - ok
cache:INFO: generating system library: sysroot/lib/wasm32-emscripten/libal.a... (this will be cached in "/home/linuxbrew/.linuxbrew/Cellar/emscripten/3.1.51/libexec/cache/sysroot/lib/wasm32-emscripten/libal.a" for subsequent builds)
system_libs:INFO: compiled 1 inputs in 0.22s
cache:INFO:  - ok
... rest of stderr output deleted ...
configure:3166: $? = 0
configure:3155: /home/linuxbrew/.linuxbrew/Cellar/emscripten/3.1.51/libexec/emcc -qversion >&5
configure:3166: $? = 0
configure:3155: /home/linuxbrew/.linuxbrew/Cellar/emscripten/3.1.51/libexec/emcc -version >&5
configure:3166: $? = 0
configure:3186: checking whether the C compiler works
configure:3208: /home/linuxbrew/.linuxbrew/Cellar/emscripten/3.1.51/libexec/emcc    conftest.c  >&5
configure:3212: $? = 0
configure:3263: result: yes
configure:3267: checking for C compiler default output file name
configure:3269: result: a.out
configure:3275: checking for suffix of executables
configure:3282: /home/linuxbrew/.linuxbrew/Cellar/emscripten/3.1.51/libexec/emcc -o conftest.html    conftest.c  >&5
configure:3286: $? = 0
configure:3310: result: .html
configure:3334: checking whether we are cross compiling
configure:3342: /home/linuxbrew/.linuxbrew/Cellar/emscripten/3.1.51/libexec/emcc -o conftest.html    conftest.c  >&5
configure:3346: $? = 0
configure:3353: ./conftest.html
./configure: line 3355: ./conftest.html: Permission denied
configure:3357: $? = 126
configure:3372: result: yes
configure:3378: checking for suffix of object files
configure:3401: /home/linuxbrew/.linuxbrew/Cellar/emscripten/3.1.51/libexec/emcc -c   conftest.c >&5
configure:3405: $? = 0
configure:3429: result: o
configure:3433: checking whether the compiler supports GNU C
configure:3453: /home/linuxbrew/.linuxbrew/Cellar/emscripten/3.1.51/libexec/emcc -c   conftest.c >&5
configure:3453: $? = 0
configure:3465: result: yes
configure:3476: checking whether /home/linuxbrew/.linuxbrew/Cellar/emscripten/3.1.51/libexec/emcc accepts -g
configure:3497: /home/linuxbrew/.linuxbrew/Cellar/emscripten/3.1.51/libexec/emcc -c -g  conftest.c >&5
configure:3497: $? = 0
configure:3544: result: yes
configure:3564: checking for /home/linuxbrew/.linuxbrew/Cellar/emscripten/3.1.51/libexec/emcc option to enable C11 features
configure:3579: /home/linuxbrew/.linuxbrew/Cellar/emscripten/3.1.51/libexec/emcc  -c -g -O2  conftest.c >&5
configure:3579: $? = 0
configure:3598: result: none needed
configure:3722: checking whether /home/linuxbrew/.linuxbrew/Cellar/emscripten/3.1.51/libexec/emcc understands -c and -o together
configure:3745: /home/linuxbrew/.linuxbrew/Cellar/emscripten/3.1.51/libexec/emcc -c conftest.c -o conftest2.o
configure:3748: $? = 0
configure:3745: /home/linuxbrew/.linuxbrew/Cellar/emscripten/3.1.51/libexec/emcc -c conftest.c -o conftest2.o
configure:3748: $? = 0
configure:3761: result: yes
configure:3785: checking for none-none-none-ar
configure:3818: result: /home/linuxbrew/.linuxbrew/Cellar/emscripten/3.1.51/libexec/emar
configure:3894: checking the archiver (/home/linuxbrew/.linuxbrew/Cellar/emscripten/3.1.51/libexec/emar) interface
configure:3911: /home/linuxbrew/.linuxbrew/Cellar/emscripten/3.1.51/libexec/emcc -c -g -O2  conftest.c >&5
configure:3911: $? = 0
configure:3914: /home/linuxbrew/.linuxbrew/Cellar/emscripten/3.1.51/libexec/emar cru libconftest.a conftest.o >&5
configure:3917: $? = 0
configure:3946: result: ar
configure:3974: checking for none-none-none-gcc
configure:4007: result: /home/linuxbrew/.linuxbrew/Cellar/emscripten/3.1.51/libexec/emcc
configure:4412: checking for C compiler version
configure:4421: /home/linuxbrew/.linuxbrew/Cellar/emscripten/3.1.51/libexec/emcc --version >&5
emcc (Emscripten gcc/clang-like replacement + linker emulating GNU ld) 3.1.51-git
Copyright (C) 2014 the Emscripten authors (see AUTHORS.txt)
This is free and open source software under the MIT license.
There is NO warranty; not even for MERCHANTABILITY or FITNESS FOR A PARTICULAR PURPOSE.

configure:4432: $? = 0
configure:4421: /home/linuxbrew/.linuxbrew/Cellar/emscripten/3.1.51/libexec/emcc -v >&5
emcc (Emscripten gcc/clang-like replacement + linker emulating GNU ld) 3.1.51-git
clang version 18.0.0git
Target: wasm32-unknown-emscripten
Thread model: posix
InstalledDir: /home/linuxbrew/.linuxbrew/Cellar/emscripten/3.1.51/libexec/llvm/bin
configure:4432: $? = 0
configure:4421: /home/linuxbrew/.linuxbrew/Cellar/emscripten/3.1.51/libexec/emcc -V >&5
configure:4432: $? = 0
configure:4421: /home/linuxbrew/.linuxbrew/Cellar/emscripten/3.1.51/libexec/emcc -qversion >&5
configure:4432: $? = 0
configure:4421: /home/linuxbrew/.linuxbrew/Cellar/emscripten/3.1.51/libexec/emcc -version >&5
configure:4432: $? = 0
configure:4436: checking whether the compiler supports GNU C
configure:4468: result: yes
configure:4479: checking whether /home/linuxbrew/.linuxbrew/Cellar/emscripten/3.1.51/libexec/emcc accepts -g
configure:4547: result: yes
configure:4567: checking for /home/linuxbrew/.linuxbrew/Cellar/emscripten/3.1.51/libexec/emcc option to enable C11 features
configure:4601: result: none needed
configure:4725: checking whether /home/linuxbrew/.linuxbrew/Cellar/emscripten/3.1.51/libexec/emcc understands -c and -o together
configure:4764: result: yes
configure:4784: checking for none-none-none-ranlib
configure:4817: result: /home/linuxbrew/.linuxbrew/Cellar/emscripten/3.1.51/libexec/emranlib
configure:4887: checking for python3
configure:4908: found /home/gitpod/.pyenv/shims/python3
configure:4921: result: true
configure:5053: checking for none-none-none-pkg-config
configure:5092: result: no
configure:5102: checking for pkg-config
configure:5125: found /usr/bin/pkg-config
configure:5138: result: /usr/bin/pkg-config
configure:5150: WARNING: using cross tools not prefixed with host triplet
configure:5163: checking pkg-config is at least version 0.9.0
configure:5166: result: yes
configure:5179: checking for samplerate >= 0.1.8
configure:5186: $PKG_CONFIG --exists --print-errors "samplerate >= 0.1.8"
Package samplerate was not found in the pkg-config search path.
Perhaps you should add the directory containing `samplerate.pc'
to the PKG_CONFIG_PATH environment variable
No package 'samplerate' found
configure:5189: $? = 1
configure:5203: $PKG_CONFIG --exists --print-errors "samplerate >= 0.1.8"
Package samplerate was not found in the pkg-config search path.
Perhaps you should add the directory containing `samplerate.pc'
to the PKG_CONFIG_PATH environment variable
No package 'samplerate' found
configure:5206: $? = 1
configure:5220: result: no
No package 'samplerate' found
configure:5291: checking for libpng >= 1.2.50
configure:5298: $PKG_CONFIG --exists --print-errors "libpng >= 1.2.50"
Package libpng was not found in the pkg-config search path.
Perhaps you should add the directory containing `libpng.pc'
to the PKG_CONFIG_PATH environment variable
No package 'libpng' found
configure:5301: $? = 1
configure:5315: $PKG_CONFIG --exists --print-errors "libpng >= 1.2.50"
Package libpng was not found in the pkg-config search path.
Perhaps you should add the directory containing `libpng.pc'
to the PKG_CONFIG_PATH environment variable
No package 'libpng' found
configure:5318: $? = 1
configure:5332: result: no
No package 'libpng' found
configure:5392: checking for log in -lm
configure:5421: /home/linuxbrew/.linuxbrew/Cellar/emscripten/3.1.51/libexec/emcc -o conftest.html -O3 -g -Wall -Wdeclaration-after-statement -Wredundant-decls     -gsource-map -s INVOKE_RUN=1 -s USE_SDL=2 -s USE_SDL_MIXER=2 -s LEGACY_GL_EMULATION=0 -s USE_SDL_NET=2 -s ASSERTIONS=0 -s WASM=1 -s ALLOW_MEMORY_GROWTH=0 -s FORCE_FILESYSTEM=1 -s EXTRA_EXPORTED_RUNTIME_METHODS=['FS','ccall'] -s SAFE_HEAP=1 -s EXIT_RUNTIME=1 -s STACK_OVERFLOW_CHECK=1 -s PROXY_POSIX_SOCKETS=0 -s USE_PTHREADS=0 -s PROXY_TO_PTHREAD=0 -s TOTAL_MEMORY=64MB -s ERROR_ON_UNDEFINED_SYMBOLS=0 -s ASYNCIFY -O3 --source-map-base /      -gsource-map -s INVOKE_RUN=1 -s USE_SDL=2 -s USE_SDL_MIXER=2 -s LEGACY_GL_EMULATION=0 -s USE_SDL_NET=2 -s ASSERTIONS=0 -s WASM=1 -s ALLOW_MEMORY_GROWTH=0 -s FORCE_FILESYSTEM=1 -s EXTRA_EXPORTED_RUNTIME_METHODS=['FS','ccall'] -s SAFE_HEAP=1 -s EXIT_RUNTIME=1 -s STACK_OVERFLOW_CHECK=1 -s PROXY_POSIX_SOCKETS=0 -s USE_PTHREADS=0 -s PROXY_TO_PTHREAD=0 -s TOTAL_MEMORY=64MB -s ERROR_ON_UNDEFINED_SYMBOLS=0 -s ASYNCIFY -O3 --source-map-base / -lwebsocket.js conftest.c -lm   >&5
ports:INFO: retrieving port: ogg from https://github.com/emscripten-ports/ogg/archive/version_1.zip
ports:INFO: unpacking port: ogg
cache:INFO: generating system library: sysroot/lib/wasm32-emscripten/libogg.a... (this will be cached in "/home/linuxbrew/.linuxbrew/Cellar/emscripten/3.1.51/libexec/cache/sysroot/lib/wasm32-emscripten/libogg.a" for subsequent builds)
system_libs:INFO: compiled 2 inputs in 0.59s
cache:INFO:  - ok
ports:INFO: retrieving port: vorbis from https://github.com/emscripten-ports/vorbis/archive/version_1.zip
ports:INFO: unpacking port: vorbis
cache:INFO: generating system library: sysroot/lib/wasm32-emscripten/libvorbis.a... (this will be cached in "/home/linuxbrew/.linuxbrew/Cellar/emscripten/3.1.51/libexec/cache/sysroot/lib/wasm32-emscripten/libvorbis.a" for subsequent builds)
system_libs:INFO: compiled 22 inputs in 2.90s
cache:INFO:  - ok
ports:INFO: retrieving port: sdl2 from https://github.com/libsdl-org/SDL/archive/release-2.24.2.zip
ports:INFO: unpacking port: sdl2
cache:INFO: generating port: sysroot/lib/wasm32-emscripten/libSDL2.a... (this will be cached in "/home/linuxbrew/.linuxbrew/Cellar/emscripten/3.1.51/libexec/cache/sysroot/lib/wasm32-emscripten/libSDL2.a" for subsequent builds)
system_libs:INFO: compiled 115 inputs in 11.61s
cache:INFO:  - ok
ports:INFO: retrieving port: sdl2_net from https://github.com/emscripten-ports/SDL2_net/archive/version_2.zip
ports:INFO: unpacking port: sdl2_net
cache:INFO: generating port: sysroot/lib/wasm32-emscripten/libSDL2_net.a... (this will be cached in "/home/linuxbrew/.linuxbrew/Cellar/emscripten/3.1.51/libexec/cache/sysroot/lib/wasm32-emscripten/libSDL2_net.a" for subsequent builds)
system_libs:INFO: compiled 4 inputs in 0.28s
cache:INFO:  - ok
ports:INFO: retrieving port: sdl2_mixer from https://github.com/libsdl-org/SDL_mixer/archive/release-2.0.4.zip
ports:INFO: unpacking port: sdl2_mixer
cache:INFO: generating port: sysroot/lib/wasm32-emscripten/libSDL2_mixer_ogg.a... (this will be cached in "/home/linuxbrew/.linuxbrew/Cellar/emscripten/3.1.51/libexec/cache/sysroot/lib/wasm32-emscripten/libSDL2_mixer_ogg.a" for subsequent builds)
system_libs:INFO: compiled 28 inputs in 2.19s
cache:INFO:  - ok
conftest.c:19:6: warning: incompatible redeclaration of library function 'log' [-Wincompatible-library-redeclaration]
   19 | char log (void);
      |      ^
conftest.c:19:6: note: 'log' is a builtin with type 'double (double)'
1 warning generated.
emcc: warning: EXTRA_EXPORTED_RUNTIME_METHODS is deprecated, please use EXPORTED_RUNTIME_METHODS instead [-Wdeprecated]
cache:INFO: generating system asset: symbol_lists/36cc93f4b70dbd4be942431e5916671a90061d1c.json... (this will be cached in "/home/linuxbrew/.linuxbrew/Cellar/emscripten/3.1.51/libexec/cache/symbol_lists/36cc93f4b70dbd4be942431e5916671a90061d1c.json" for subsequent builds)
cache:INFO:  - ok
cache:INFO: generating system library: sysroot/lib/wasm32-emscripten/libGL-getprocaddr.a... (this will be cached in "/home/linuxbrew/.linuxbrew/Cellar/emscripten/3.1.51/libexec/cache/sysroot/lib/wasm32-emscripten/libGL-getprocaddr.a" for subsequent builds)
system_libs:INFO: compiled 4 inputs in 0.28s
cache:INFO:  - ok
cache:INFO: generating system library: sysroot/lib/wasm32-emscripten/libstubs.a... (this will be cached in "/home/linuxbrew/.linuxbrew/Cellar/emscripten/3.1.51/libexec/cache/sysroot/lib/wasm32-emscripten/libstubs.a" for subsequent builds)
system_libs:INFO: compiled 2 inputs in 0.22s
cache:INFO:  - ok
cache:INFO: generating system library: sysroot/lib/wasm32-emscripten/libc.a... (this will be cached in "/home/linuxbrew/.linuxbrew/Cellar/emscripten/3.1.51/libexec/cache/sysroot/lib/wasm32-emscripten/libc.a" for subsequent builds)
system_libs:INFO: compiled 1025 inputs in 13.70s
cache:INFO:  - ok
cache:INFO: generating system library: sysroot/lib/wasm32-emscripten/libc++abi-noexcept.a... (this will be cached in "/home/linuxbrew/.linuxbrew/Cellar/emscripten/3.1.51/libexec/cache/sysroot/lib/wasm32-emscripten/libc++abi-noexcept.a" for subsequent builds)
system_libs:INFO: compiled 16 inputs in 4.15s
cache:INFO:  - ok
wasm-ld: warning: function signature mismatch: log
>>> defined as () -> i32 in /tmp/emscripten_temp_hdpixosx/conftest_0.o
>>> defined as (f64) -> f64 in /home/linuxbrew/.linuxbrew/Cellar/emscripten/3.1.51/libexec/cache/sysroot/lib/wasm32-emscripten/libc.a(log.o)
emcc: warning: running limited binaryen optimizations because DWARF info requested (or indirectly required) [-Wlimited-postlink-optimizations]
configure:5421: $? = 0
configure:5433: result: yes
configure:5448: checking for stdio.h
configure:5448: /home/linuxbrew/.linuxbrew/Cellar/emscripten/3.1.51/libexec/emcc -c -O3 -g -Wall -Wdeclaration-after-statement -Wredundant-decls     -gsource-map -s INVOKE_RUN=1 -s USE_SDL=2 -s USE_SDL_MIXER=2 -s LEGACY_GL_EMULATION=0 -s USE_SDL_NET=2 -s ASSERTIONS=0 -s WASM=1 -s ALLOW_MEMORY_GROWTH=0 -s FORCE_FILESYSTEM=1 -s EXTRA_EXPORTED_RUNTIME_METHODS=['FS','ccall'] -s SAFE_HEAP=1 -s EXIT_RUNTIME=1 -s STACK_OVERFLOW_CHECK=1 -s PROXY_POSIX_SOCKETS=0 -s USE_PTHREADS=0 -s PROXY_TO_PTHREAD=0 -s TOTAL_MEMORY=64MB -s ERROR_ON_UNDEFINED_SYMBOLS=0 -s ASYNCIFY -O3 --source-map-base /  conftest.c >&5
emcc: warning: linker setting ignored during compilation: 'INVOKE_RUN' [-Wunused-command-line-argument]
emcc: warning: linker setting ignored during compilation: 'LEGACY_GL_EMULATION' [-Wunused-command-line-argument]
emcc: warning: linker setting ignored during compilation: 'ASSERTIONS' [-Wunused-command-line-argument]
emcc: warning: linker setting ignored during compilation: 'WASM' [-Wunused-command-line-argument]
emcc: warning: linker setting ignored during compilation: 'ALLOW_MEMORY_GROWTH' [-Wunused-command-line-argument]
emcc: warning: linker setting ignored during compilation: 'FORCE_FILESYSTEM' [-Wunused-command-line-argument]
emcc: warning: linker setting ignored during compilation: 'EXTRA_EXPORTED_RUNTIME_METHODS' [-Wunused-command-line-argument]
emcc: warning: linker setting ignored during compilation: 'SAFE_HEAP' [-Wunused-command-line-argument]
emcc: warning: linker setting ignored during compilation: 'EXIT_RUNTIME' [-Wunused-command-line-argument]
emcc: warning: linker setting ignored during compilation: 'STACK_OVERFLOW_CHECK' [-Wunused-command-line-argument]
emcc: warning: linker setting ignored during compilation: 'PROXY_POSIX_SOCKETS' [-Wunused-command-line-argument]
emcc: warning: linker setting ignored during compilation: 'PROXY_TO_PTHREAD' [-Wunused-command-line-argument]
emcc: warning: linker setting ignored during compilation: 'TOTAL_MEMORY' [-Wunused-command-line-argument]
emcc: warning: linker setting ignored during compilation: 'ERROR_ON_UNDEFINED_SYMBOLS' [-Wunused-command-line-argument]
emcc: warning: linker setting ignored during compilation: 'ASYNCIFY' [-Wunused-command-line-argument]
emcc: warning: linker flag ignored during compilation: '--source-map-base' [-Wunused-command-line-argument]
configure:5448: $? = 0
configure:5448: result: yes
configure:5448: checking for stdlib.h
configure:5448: /home/linuxbrew/.linuxbrew/Cellar/emscripten/3.1.51/libexec/emcc -c -O3 -g -Wall -Wdeclaration-after-statement -Wredundant-decls     -gsource-map -s INVOKE_RUN=1 -s USE_SDL=2 -s USE_SDL_MIXER=2 -s LEGACY_GL_EMULATION=0 -s USE_SDL_NET=2 -s ASSERTIONS=0 -s WASM=1 -s ALLOW_MEMORY_GROWTH=0 -s FORCE_FILESYSTEM=1 -s EXTRA_EXPORTED_RUNTIME_METHODS=['FS','ccall'] -s SAFE_HEAP=1 -s EXIT_RUNTIME=1 -s STACK_OVERFLOW_CHECK=1 -s PROXY_POSIX_SOCKETS=0 -s USE_PTHREADS=0 -s PROXY_TO_PTHREAD=0 -s TOTAL_MEMORY=64MB -s ERROR_ON_UNDEFINED_SYMBOLS=0 -s ASYNCIFY -O3 --source-map-base /  conftest.c >&5
emcc: warning: linker setting ignored during compilation: 'INVOKE_RUN' [-Wunused-command-line-argument]
emcc: warning: linker setting ignored during compilation: 'LEGACY_GL_EMULATION' [-Wunused-command-line-argument]
emcc: warning: linker setting ignored during compilation: 'ASSERTIONS' [-Wunused-command-line-argument]
emcc: warning: linker setting ignored during compilation: 'WASM' [-Wunused-command-line-argument]
emcc: warning: linker setting ignored during compilation: 'ALLOW_MEMORY_GROWTH' [-Wunused-command-line-argument]
emcc: warning: linker setting ignored during compilation: 'FORCE_FILESYSTEM' [-Wunused-command-line-argument]
emcc: warning: linker setting ignored during compilation: 'EXTRA_EXPORTED_RUNTIME_METHODS' [-Wunused-command-line-argument]
emcc: warning: linker setting ignored during compilation: 'SAFE_HEAP' [-Wunused-command-line-argument]
emcc: warning: linker setting ignored during compilation: 'EXIT_RUNTIME' [-Wunused-command-line-argument]
emcc: warning: linker setting ignored during compilation: 'STACK_OVERFLOW_CHECK' [-Wunused-command-line-argument]
emcc: warning: linker setting ignored during compilation: 'PROXY_POSIX_SOCKETS' [-Wunused-command-line-argument]
emcc: warning: linker setting ignored during compilation: 'PROXY_TO_PTHREAD' [-Wunused-command-line-argument]
emcc: warning: linker setting ignored during compilation: 'TOTAL_MEMORY' [-Wunused-command-line-argument]
emcc: warning: linker setting ignored during compilation: 'ERROR_ON_UNDEFINED_SYMBOLS' [-Wunused-command-line-argument]
emcc: warning: linker setting ignored during compilation: 'ASYNCIFY' [-Wunused-command-line-argument]
emcc: warning: linker flag ignored during compilation: '--source-map-base' [-Wunused-command-line-argument]
configure:5448: $? = 0
configure:5448: result: yes
configure:5448: checking for string.h
configure:5448: /home/linuxbrew/.linuxbrew/Cellar/emscripten/3.1.51/libexec/emcc -c -O3 -g -Wall -Wdeclaration-after-statement -Wredundant-decls     -gsource-map -s INVOKE_RUN=1 -s USE_SDL=2 -s USE_SDL_MIXER=2 -s LEGACY_GL_EMULATION=0 -s USE_SDL_NET=2 -s ASSERTIONS=0 -s WASM=1 -s ALLOW_MEMORY_GROWTH=0 -s FORCE_FILESYSTEM=1 -s EXTRA_EXPORTED_RUNTIME_METHODS=['FS','ccall'] -s SAFE_HEAP=1 -s EXIT_RUNTIME=1 -s STACK_OVERFLOW_CHECK=1 -s PROXY_POSIX_SOCKETS=0 -s USE_PTHREADS=0 -s PROXY_TO_PTHREAD=0 -s TOTAL_MEMORY=64MB -s ERROR_ON_UNDEFINED_SYMBOLS=0 -s ASYNCIFY -O3 --source-map-base /  conftest.c >&5
emcc: warning: linker setting ignored during compilation: 'INVOKE_RUN' [-Wunused-command-line-argument]
emcc: warning: linker setting ignored during compilation: 'LEGACY_GL_EMULATION' [-Wunused-command-line-argument]
emcc: warning: linker setting ignored during compilation: 'ASSERTIONS' [-Wunused-command-line-argument]
emcc: warning: linker setting ignored during compilation: 'WASM' [-Wunused-command-line-argument]
emcc: warning: linker setting ignored during compilation: 'ALLOW_MEMORY_GROWTH' [-Wunused-command-line-argument]
emcc: warning: linker setting ignored during compilation: 'FORCE_FILESYSTEM' [-Wunused-command-line-argument]
emcc: warning: linker setting ignored during compilation: 'EXTRA_EXPORTED_RUNTIME_METHODS' [-Wunused-command-line-argument]
emcc: warning: linker setting ignored during compilation: 'SAFE_HEAP' [-Wunused-command-line-argument]
emcc: warning: linker setting ignored during compilation: 'EXIT_RUNTIME' [-Wunused-command-line-argument]
emcc: warning: linker setting ignored during compilation: 'STACK_OVERFLOW_CHECK' [-Wunused-command-line-argument]
emcc: warning: linker setting ignored during compilation: 'PROXY_POSIX_SOCKETS' [-Wunused-command-line-argument]
emcc: warning: linker setting ignored during compilation: 'PROXY_TO_PTHREAD' [-Wunused-command-line-argument]
emcc: warning: linker setting ignored during compilation: 'TOTAL_MEMORY' [-Wunused-command-line-argument]
emcc: warning: linker setting ignored during compilation: 'ERROR_ON_UNDEFINED_SYMBOLS' [-Wunused-command-line-argument]
emcc: warning: linker setting ignored during compilation: 'ASYNCIFY' [-Wunused-command-line-argument]
emcc: warning: linker flag ignored during compilation: '--source-map-base' [-Wunused-command-line-argument]
configure:5448: $? = 0
configure:5448: result: yes
configure:5448: checking for inttypes.h
configure:5448: /home/linuxbrew/.linuxbrew/Cellar/emscripten/3.1.51/libexec/emcc -c -O3 -g -Wall -Wdeclaration-after-statement -Wredundant-decls     -gsource-map -s INVOKE_RUN=1 -s USE_SDL=2 -s USE_SDL_MIXER=2 -s LEGACY_GL_EMULATION=0 -s USE_SDL_NET=2 -s ASSERTIONS=0 -s WASM=1 -s ALLOW_MEMORY_GROWTH=0 -s FORCE_FILESYSTEM=1 -s EXTRA_EXPORTED_RUNTIME_METHODS=['FS','ccall'] -s SAFE_HEAP=1 -s EXIT_RUNTIME=1 -s STACK_OVERFLOW_CHECK=1 -s PROXY_POSIX_SOCKETS=0 -s USE_PTHREADS=0 -s PROXY_TO_PTHREAD=0 -s TOTAL_MEMORY=64MB -s ERROR_ON_UNDEFINED_SYMBOLS=0 -s ASYNCIFY -O3 --source-map-base /  conftest.c >&5
emcc: warning: linker setting ignored during compilation: 'INVOKE_RUN' [-Wunused-command-line-argument]
emcc: warning: linker setting ignored during compilation: 'LEGACY_GL_EMULATION' [-Wunused-command-line-argument]
emcc: warning: linker setting ignored during compilation: 'ASSERTIONS' [-Wunused-command-line-argument]
emcc: warning: linker setting ignored during compilation: 'WASM' [-Wunused-command-line-argument]
emcc: warning: linker setting ignored during compilation: 'ALLOW_MEMORY_GROWTH' [-Wunused-command-line-argument]
emcc: warning: linker setting ignored during compilation: 'FORCE_FILESYSTEM' [-Wunused-command-line-argument]
emcc: warning: linker setting ignored during compilation: 'EXTRA_EXPORTED_RUNTIME_METHODS' [-Wunused-command-line-argument]
emcc: warning: linker setting ignored during compilation: 'SAFE_HEAP' [-Wunused-command-line-argument]
emcc: warning: linker setting ignored during compilation: 'EXIT_RUNTIME' [-Wunused-command-line-argument]
emcc: warning: linker setting ignored during compilation: 'STACK_OVERFLOW_CHECK' [-Wunused-command-line-argument]
emcc: warning: linker setting ignored during compilation: 'PROXY_POSIX_SOCKETS' [-Wunused-command-line-argument]
emcc: warning: linker setting ignored during compilation: 'PROXY_TO_PTHREAD' [-Wunused-command-line-argument]
emcc: warning: linker setting ignored during compilation: 'TOTAL_MEMORY' [-Wunused-command-line-argument]
emcc: warning: linker setting ignored during compilation: 'ERROR_ON_UNDEFINED_SYMBOLS' [-Wunused-command-line-argument]
emcc: warning: linker setting ignored during compilation: 'ASYNCIFY' [-Wunused-command-line-argument]
emcc: warning: linker flag ignored during compilation: '--source-map-base' [-Wunused-command-line-argument]
configure:5448: $? = 0
configure:5448: result: yes
configure:5448: checking for stdint.h
configure:5448: /home/linuxbrew/.linuxbrew/Cellar/emscripten/3.1.51/libexec/emcc -c -O3 -g -Wall -Wdeclaration-after-statement -Wredundant-decls     -gsource-map -s INVOKE_RUN=1 -s USE_SDL=2 -s USE_SDL_MIXER=2 -s LEGACY_GL_EMULATION=0 -s USE_SDL_NET=2 -s ASSERTIONS=0 -s WASM=1 -s ALLOW_MEMORY_GROWTH=0 -s FORCE_FILESYSTEM=1 -s EXTRA_EXPORTED_RUNTIME_METHODS=['FS','ccall'] -s SAFE_HEAP=1 -s EXIT_RUNTIME=1 -s STACK_OVERFLOW_CHECK=1 -s PROXY_POSIX_SOCKETS=0 -s USE_PTHREADS=0 -s PROXY_TO_PTHREAD=0 -s TOTAL_MEMORY=64MB -s ERROR_ON_UNDEFINED_SYMBOLS=0 -s ASYNCIFY -O3 --source-map-base /  conftest.c >&5
emcc: warning: linker setting ignored during compilation: 'INVOKE_RUN' [-Wunused-command-line-argument]
emcc: warning: linker setting ignored during compilation: 'LEGACY_GL_EMULATION' [-Wunused-command-line-argument]
emcc: warning: linker setting ignored during compilation: 'ASSERTIONS' [-Wunused-command-line-argument]
emcc: warning: linker setting ignored during compilation: 'WASM' [-Wunused-command-line-argument]
emcc: warning: linker setting ignored during compilation: 'ALLOW_MEMORY_GROWTH' [-Wunused-command-line-argument]
emcc: warning: linker setting ignored during compilation: 'FORCE_FILESYSTEM' [-Wunused-command-line-argument]
emcc: warning: linker setting ignored during compilation: 'EXTRA_EXPORTED_RUNTIME_METHODS' [-Wunused-command-line-argument]
emcc: warning: linker setting ignored during compilation: 'SAFE_HEAP' [-Wunused-command-line-argument]
emcc: warning: linker setting ignored during compilation: 'EXIT_RUNTIME' [-Wunused-command-line-argument]
emcc: warning: linker setting ignored during compilation: 'STACK_OVERFLOW_CHECK' [-Wunused-command-line-argument]
emcc: warning: linker setting ignored during compilation: 'PROXY_POSIX_SOCKETS' [-Wunused-command-line-argument]
emcc: warning: linker setting ignored during compilation: 'PROXY_TO_PTHREAD' [-Wunused-command-line-argument]
emcc: warning: linker setting ignored during compilation: 'TOTAL_MEMORY' [-Wunused-command-line-argument]
emcc: warning: linker setting ignored during compilation: 'ERROR_ON_UNDEFINED_SYMBOLS' [-Wunused-command-line-argument]
emcc: warning: linker setting ignored during compilation: 'ASYNCIFY' [-Wunused-command-line-argument]
emcc: warning: linker flag ignored during compilation: '--source-map-base' [-Wunused-command-line-argument]
configure:5448: $? = 0
configure:5448: result: yes
configure:5448: checking for strings.h
configure:5448: /home/linuxbrew/.linuxbrew/Cellar/emscripten/3.1.51/libexec/emcc -c -O3 -g -Wall -Wdeclaration-after-statement -Wredundant-decls     -gsource-map -s INVOKE_RUN=1 -s USE_SDL=2 -s USE_SDL_MIXER=2 -s LEGACY_GL_EMULATION=0 -s USE_SDL_NET=2 -s ASSERTIONS=0 -s WASM=1 -s ALLOW_MEMORY_GROWTH=0 -s FORCE_FILESYSTEM=1 -s EXTRA_EXPORTED_RUNTIME_METHODS=['FS','ccall'] -s SAFE_HEAP=1 -s EXIT_RUNTIME=1 -s STACK_OVERFLOW_CHECK=1 -s PROXY_POSIX_SOCKETS=0 -s USE_PTHREADS=0 -s PROXY_TO_PTHREAD=0 -s TOTAL_MEMORY=64MB -s ERROR_ON_UNDEFINED_SYMBOLS=0 -s ASYNCIFY -O3 --source-map-base /  conftest.c >&5
emcc: warning: linker setting ignored during compilation: 'INVOKE_RUN' [-Wunused-command-line-argument]
emcc: warning: linker setting ignored during compilation: 'LEGACY_GL_EMULATION' [-Wunused-command-line-argument]
emcc: warning: linker setting ignored during compilation: 'ASSERTIONS' [-Wunused-command-line-argument]
emcc: warning: linker setting ignored during compilation: 'WASM' [-Wunused-command-line-argument]
emcc: warning: linker setting ignored during compilation: 'ALLOW_MEMORY_GROWTH' [-Wunused-command-line-argument]
emcc: warning: linker setting ignored during compilation: 'FORCE_FILESYSTEM' [-Wunused-command-line-argument]
emcc: warning: linker setting ignored during compilation: 'EXTRA_EXPORTED_RUNTIME_METHODS' [-Wunused-command-line-argument]
emcc: warning: linker setting ignored during compilation: 'SAFE_HEAP' [-Wunused-command-line-argument]
emcc: warning: linker setting ignored during compilation: 'EXIT_RUNTIME' [-Wunused-command-line-argument]
emcc: warning: linker setting ignored during compilation: 'STACK_OVERFLOW_CHECK' [-Wunused-command-line-argument]
emcc: warning: linker setting ignored during compilation: 'PROXY_POSIX_SOCKETS' [-Wunused-command-line-argument]
emcc: warning: linker setting ignored during compilation: 'PROXY_TO_PTHREAD' [-Wunused-command-line-argument]
emcc: warning: linker setting ignored during compilation: 'TOTAL_MEMORY' [-Wunused-command-line-argument]
emcc: warning: linker setting ignored during compilation: 'ERROR_ON_UNDEFINED_SYMBOLS' [-Wunused-command-line-argument]
emcc: warning: linker setting ignored during compilation: 'ASYNCIFY' [-Wunused-command-line-argument]
emcc: warning: linker flag ignored during compilation: '--source-map-base' [-Wunused-command-line-argument]
configure:5448: $? = 0
configure:5448: result: yes
configure:5448: checking for sys/stat.h
configure:5448: /home/linuxbrew/.linuxbrew/Cellar/emscripten/3.1.51/libexec/emcc -c -O3 -g -Wall -Wdeclaration-after-statement -Wredundant-decls     -gsource-map -s INVOKE_RUN=1 -s USE_SDL=2 -s USE_SDL_MIXER=2 -s LEGACY_GL_EMULATION=0 -s USE_SDL_NET=2 -s ASSERTIONS=0 -s WASM=1 -s ALLOW_MEMORY_GROWTH=0 -s FORCE_FILESYSTEM=1 -s EXTRA_EXPORTED_RUNTIME_METHODS=['FS','ccall'] -s SAFE_HEAP=1 -s EXIT_RUNTIME=1 -s STACK_OVERFLOW_CHECK=1 -s PROXY_POSIX_SOCKETS=0 -s USE_PTHREADS=0 -s PROXY_TO_PTHREAD=0 -s TOTAL_MEMORY=64MB -s ERROR_ON_UNDEFINED_SYMBOLS=0 -s ASYNCIFY -O3 --source-map-base /  conftest.c >&5
emcc: warning: linker setting ignored during compilation: 'INVOKE_RUN' [-Wunused-command-line-argument]
emcc: warning: linker setting ignored during compilation: 'LEGACY_GL_EMULATION' [-Wunused-command-line-argument]
emcc: warning: linker setting ignored during compilation: 'ASSERTIONS' [-Wunused-command-line-argument]
emcc: warning: linker setting ignored during compilation: 'WASM' [-Wunused-command-line-argument]
emcc: warning: linker setting ignored during compilation: 'ALLOW_MEMORY_GROWTH' [-Wunused-command-line-argument]
emcc: warning: linker setting ignored during compilation: 'FORCE_FILESYSTEM' [-Wunused-command-line-argument]
emcc: warning: linker setting ignored during compilation: 'EXTRA_EXPORTED_RUNTIME_METHODS' [-Wunused-command-line-argument]
emcc: warning: linker setting ignored during compilation: 'SAFE_HEAP' [-Wunused-command-line-argument]
emcc: warning: linker setting ignored during compilation: 'EXIT_RUNTIME' [-Wunused-command-line-argument]
emcc: warning: linker setting ignored during compilation: 'STACK_OVERFLOW_CHECK' [-Wunused-command-line-argument]
emcc: warning: linker setting ignored during compilation: 'PROXY_POSIX_SOCKETS' [-Wunused-command-line-argument]
emcc: warning: linker setting ignored during compilation: 'PROXY_TO_PTHREAD' [-Wunused-command-line-argument]
emcc: warning: linker setting ignored during compilation: 'TOTAL_MEMORY' [-Wunused-command-line-argument]
emcc: warning: linker setting ignored during compilation: 'ERROR_ON_UNDEFINED_SYMBOLS' [-Wunused-command-line-argument]
emcc: warning: linker setting ignored during compilation: 'ASYNCIFY' [-Wunused-command-line-argument]
emcc: warning: linker flag ignored during compilation: '--source-map-base' [-Wunused-command-line-argument]
configure:5448: $? = 0
configure:5448: result: yes
configure:5448: checking for sys/types.h
configure:5448: /home/linuxbrew/.linuxbrew/Cellar/emscripten/3.1.51/libexec/emcc -c -O3 -g -Wall -Wdeclaration-after-statement -Wredundant-decls     -gsource-map -s INVOKE_RUN=1 -s USE_SDL=2 -s USE_SDL_MIXER=2 -s LEGACY_GL_EMULATION=0 -s USE_SDL_NET=2 -s ASSERTIONS=0 -s WASM=1 -s ALLOW_MEMORY_GROWTH=0 -s FORCE_FILESYSTEM=1 -s EXTRA_EXPORTED_RUNTIME_METHODS=['FS','ccall'] -s SAFE_HEAP=1 -s EXIT_RUNTIME=1 -s STACK_OVERFLOW_CHECK=1 -s PROXY_POSIX_SOCKETS=0 -s USE_PTHREADS=0 -s PROXY_TO_PTHREAD=0 -s TOTAL_MEMORY=64MB -s ERROR_ON_UNDEFINED_SYMBOLS=0 -s ASYNCIFY -O3 --source-map-base /  conftest.c >&5
emcc: warning: linker setting ignored during compilation: 'INVOKE_RUN' [-Wunused-command-line-argument]
emcc: warning: linker setting ignored during compilation: 'LEGACY_GL_EMULATION' [-Wunused-command-line-argument]
emcc: warning: linker setting ignored during compilation: 'ASSERTIONS' [-Wunused-command-line-argument]
emcc: warning: linker setting ignored during compilation: 'WASM' [-Wunused-command-line-argument]
emcc: warning: linker setting ignored during compilation: 'ALLOW_MEMORY_GROWTH' [-Wunused-command-line-argument]
emcc: warning: linker setting ignored during compilation: 'FORCE_FILESYSTEM' [-Wunused-command-line-argument]
emcc: warning: linker setting ignored during compilation: 'EXTRA_EXPORTED_RUNTIME_METHODS' [-Wunused-command-line-argument]
emcc: warning: linker setting ignored during compilation: 'SAFE_HEAP' [-Wunused-command-line-argument]
emcc: warning: linker setting ignored during compilation: 'EXIT_RUNTIME' [-Wunused-command-line-argument]
emcc: warning: linker setting ignored during compilation: 'STACK_OVERFLOW_CHECK' [-Wunused-command-line-argument]
emcc: warning: linker setting ignored during compilation: 'PROXY_POSIX_SOCKETS' [-Wunused-command-line-argument]
emcc: warning: linker setting ignored during compilation: 'PROXY_TO_PTHREAD' [-Wunused-command-line-argument]
emcc: warning: linker setting ignored during compilation: 'TOTAL_MEMORY' [-Wunused-command-line-argument]
emcc: warning: linker setting ignored during compilation: 'ERROR_ON_UNDEFINED_SYMBOLS' [-Wunused-command-line-argument]
emcc: warning: linker setting ignored during compilation: 'ASYNCIFY' [-Wunused-command-line-argument]
emcc: warning: linker flag ignored during compilation: '--source-map-base' [-Wunused-command-line-argument]
configure:5448: $? = 0
configure:5448: result: yes
configure:5448: checking for unistd.h
configure:5448: /home/linuxbrew/.linuxbrew/Cellar/emscripten/3.1.51/libexec/emcc -c -O3 -g -Wall -Wdeclaration-after-statement -Wredundant-decls     -gsource-map -s INVOKE_RUN=1 -s USE_SDL=2 -s USE_SDL_MIXER=2 -s LEGACY_GL_EMULATION=0 -s USE_SDL_NET=2 -s ASSERTIONS=0 -s WASM=1 -s ALLOW_MEMORY_GROWTH=0 -s FORCE_FILESYSTEM=1 -s EXTRA_EXPORTED_RUNTIME_METHODS=['FS','ccall'] -s SAFE_HEAP=1 -s EXIT_RUNTIME=1 -s STACK_OVERFLOW_CHECK=1 -s PROXY_POSIX_SOCKETS=0 -s USE_PTHREADS=0 -s PROXY_TO_PTHREAD=0 -s TOTAL_MEMORY=64MB -s ERROR_ON_UNDEFINED_SYMBOLS=0 -s ASYNCIFY -O3 --source-map-base /  conftest.c >&5
emcc: warning: linker setting ignored during compilation: 'INVOKE_RUN' [-Wunused-command-line-argument]
emcc: warning: linker setting ignored during compilation: 'LEGACY_GL_EMULATION' [-Wunused-command-line-argument]
emcc: warning: linker setting ignored during compilation: 'ASSERTIONS' [-Wunused-command-line-argument]
emcc: warning: linker setting ignored during compilation: 'WASM' [-Wunused-command-line-argument]
emcc: warning: linker setting ignored during compilation: 'ALLOW_MEMORY_GROWTH' [-Wunused-command-line-argument]
emcc: warning: linker setting ignored during compilation: 'FORCE_FILESYSTEM' [-Wunused-command-line-argument]
emcc: warning: linker setting ignored during compilation: 'EXTRA_EXPORTED_RUNTIME_METHODS' [-Wunused-command-line-argument]
emcc: warning: linker setting ignored during compilation: 'SAFE_HEAP' [-Wunused-command-line-argument]
emcc: warning: linker setting ignored during compilation: 'EXIT_RUNTIME' [-Wunused-command-line-argument]
emcc: warning: linker setting ignored during compilation: 'STACK_OVERFLOW_CHECK' [-Wunused-command-line-argument]
emcc: warning: linker setting ignored during compilation: 'PROXY_POSIX_SOCKETS' [-Wunused-command-line-argument]
emcc: warning: linker setting ignored during compilation: 'PROXY_TO_PTHREAD' [-Wunused-command-line-argument]
emcc: warning: linker setting ignored during compilation: 'TOTAL_MEMORY' [-Wunused-command-line-argument]
emcc: warning: linker setting ignored during compilation: 'ERROR_ON_UNDEFINED_SYMBOLS' [-Wunused-command-line-argument]
emcc: warning: linker setting ignored during compilation: 'ASYNCIFY' [-Wunused-command-line-argument]
emcc: warning: linker flag ignored during compilation: '--source-map-base' [-Wunused-command-line-argument]
configure:5448: $? = 0
configure:5448: result: yes
configure:5473: checking for dirent.h
configure:5473: /home/linuxbrew/.linuxbrew/Cellar/emscripten/3.1.51/libexec/emcc -c -O3 -g -Wall -Wdeclaration-after-statement -Wredundant-decls     -gsource-map -s INVOKE_RUN=1 -s USE_SDL=2 -s USE_SDL_MIXER=2 -s LEGACY_GL_EMULATION=0 -s USE_SDL_NET=2 -s ASSERTIONS=0 -s WASM=1 -s ALLOW_MEMORY_GROWTH=0 -s FORCE_FILESYSTEM=1 -s EXTRA_EXPORTED_RUNTIME_METHODS=['FS','ccall'] -s SAFE_HEAP=1 -s EXIT_RUNTIME=1 -s STACK_OVERFLOW_CHECK=1 -s PROXY_POSIX_SOCKETS=0 -s USE_PTHREADS=0 -s PROXY_TO_PTHREAD=0 -s TOTAL_MEMORY=64MB -s ERROR_ON_UNDEFINED_SYMBOLS=0 -s ASYNCIFY -O3 --source-map-base /  conftest.c >&5
emcc: warning: linker setting ignored during compilation: 'INVOKE_RUN' [-Wunused-command-line-argument]
emcc: warning: linker setting ignored during compilation: 'LEGACY_GL_EMULATION' [-Wunused-command-line-argument]
emcc: warning: linker setting ignored during compilation: 'ASSERTIONS' [-Wunused-command-line-argument]
emcc: warning: linker setting ignored during compilation: 'WASM' [-Wunused-command-line-argument]
emcc: warning: linker setting ignored during compilation: 'ALLOW_MEMORY_GROWTH' [-Wunused-command-line-argument]
emcc: warning: linker setting ignored during compilation: 'FORCE_FILESYSTEM' [-Wunused-command-line-argument]
emcc: warning: linker setting ignored during compilation: 'EXTRA_EXPORTED_RUNTIME_METHODS' [-Wunused-command-line-argument]
emcc: warning: linker setting ignored during compilation: 'SAFE_HEAP' [-Wunused-command-line-argument]
emcc: warning: linker setting ignored during compilation: 'EXIT_RUNTIME' [-Wunused-command-line-argument]
emcc: warning: linker setting ignored during compilation: 'STACK_OVERFLOW_CHECK' [-Wunused-command-line-argument]
emcc: warning: linker setting ignored during compilation: 'PROXY_POSIX_SOCKETS' [-Wunused-command-line-argument]
emcc: warning: linker setting ignored during compilation: 'PROXY_TO_PTHREAD' [-Wunused-command-line-argument]
emcc: warning: linker setting ignored during compilation: 'TOTAL_MEMORY' [-Wunused-command-line-argument]
emcc: warning: linker setting ignored during compilation: 'ERROR_ON_UNDEFINED_SYMBOLS' [-Wunused-command-line-argument]
emcc: warning: linker setting ignored during compilation: 'ASYNCIFY' [-Wunused-command-line-argument]
emcc: warning: linker flag ignored during compilation: '--source-map-base' [-Wunused-command-line-argument]
configure:5473: $? = 0
configure:5473: result: yes
configure:5479: checking for linux/kd.h
configure:5479: /home/linuxbrew/.linuxbrew/Cellar/emscripten/3.1.51/libexec/emcc -c -O3 -g -Wall -Wdeclaration-after-statement -Wredundant-decls     -gsource-map -s INVOKE_RUN=1 -s USE_SDL=2 -s USE_SDL_MIXER=2 -s LEGACY_GL_EMULATION=0 -s USE_SDL_NET=2 -s ASSERTIONS=0 -s WASM=1 -s ALLOW_MEMORY_GROWTH=0 -s FORCE_FILESYSTEM=1 -s EXTRA_EXPORTED_RUNTIME_METHODS=['FS','ccall'] -s SAFE_HEAP=1 -s EXIT_RUNTIME=1 -s STACK_OVERFLOW_CHECK=1 -s PROXY_POSIX_SOCKETS=0 -s USE_PTHREADS=0 -s PROXY_TO_PTHREAD=0 -s TOTAL_MEMORY=64MB -s ERROR_ON_UNDEFINED_SYMBOLS=0 -s ASYNCIFY -O3 --source-map-base /  conftest.c >&5
emcc: warning: linker setting ignored during compilation: 'INVOKE_RUN' [-Wunused-command-line-argument]
emcc: warning: linker setting ignored during compilation: 'LEGACY_GL_EMULATION' [-Wunused-command-line-argument]
emcc: warning: linker setting ignored during compilation: 'ASSERTIONS' [-Wunused-command-line-argument]
emcc: warning: linker setting ignored during compilation: 'WASM' [-Wunused-command-line-argument]
emcc: warning: linker setting ignored during compilation: 'ALLOW_MEMORY_GROWTH' [-Wunused-command-line-argument]
emcc: warning: linker setting ignored during compilation: 'FORCE_FILESYSTEM' [-Wunused-command-line-argument]
emcc: warning: linker setting ignored during compilation: 'EXTRA_EXPORTED_RUNTIME_METHODS' [-Wunused-command-line-argument]
emcc: warning: linker setting ignored during compilation: 'SAFE_HEAP' [-Wunused-command-line-argument]
emcc: warning: linker setting ignored during compilation: 'EXIT_RUNTIME' [-Wunused-command-line-argument]
emcc: warning: linker setting ignored during compilation: 'STACK_OVERFLOW_CHECK' [-Wunused-command-line-argument]
emcc: warning: linker setting ignored during compilation: 'PROXY_POSIX_SOCKETS' [-Wunused-command-line-argument]
emcc: warning: linker setting ignored during compilation: 'PROXY_TO_PTHREAD' [-Wunused-command-line-argument]
emcc: warning: linker setting ignored during compilation: 'TOTAL_MEMORY' [-Wunused-command-line-argument]
emcc: warning: linker setting ignored during compilation: 'ERROR_ON_UNDEFINED_SYMBOLS' [-Wunused-command-line-argument]
emcc: warning: linker setting ignored during compilation: 'ASYNCIFY' [-Wunused-command-line-argument]
emcc: warning: linker flag ignored during compilation: '--source-map-base' [-Wunused-command-line-argument]
conftest.c:49:10: fatal error: 'linux/kd.h' file not found
   49 | #include <linux/kd.h>
      |          ^~~~~~~~~~~~
1 error generated.
configure:5479: $? = 1
configure: failed program was:
| /* confdefs.h */
| #define PACKAGE_NAME "Websockets Doom"
| #define PACKAGE_TARNAME "doom-ws-wasm"
| #define PACKAGE_VERSION "0.0.1"
| #define PACKAGE_STRING "Websockets Doom 0.0.1"
| #define PACKAGE_BUGREPORT "celso@cloudflare.com"
| #define PACKAGE_URL ""
| #define HAVE_LIBM 1
| #define HAVE_STDIO_H 1
| #define HAVE_STDLIB_H 1
| #define HAVE_STRING_H 1
| #define HAVE_INTTYPES_H 1
| #define HAVE_STDINT_H 1
| #define HAVE_STRINGS_H 1
| #define HAVE_SYS_STAT_H 1
| #define HAVE_SYS_TYPES_H 1
| #define HAVE_UNISTD_H 1
| #define STDC_HEADERS 1
| #define HAVE_DIRENT_H 1
| /* end confdefs.h.  */
| #include <stddef.h>
| #ifdef HAVE_STDIO_H
| # include <stdio.h>
| #endif
| #ifdef HAVE_STDLIB_H
| # include <stdlib.h>
| #endif
| #ifdef HAVE_STRING_H
| # include <string.h>
| #endif
| #ifdef HAVE_INTTYPES_H
| # include <inttypes.h>
| #endif
| #ifdef HAVE_STDINT_H
| # include <stdint.h>
| #endif
| #ifdef HAVE_STRINGS_H
| # include <strings.h>
| #endif
| #ifdef HAVE_SYS_TYPES_H
| # include <sys/types.h>
| #endif
| #ifdef HAVE_SYS_STAT_H
| # include <sys/stat.h>
| #endif
| #ifdef HAVE_UNISTD_H
| # include <unistd.h>
| #endif
| #include <linux/kd.h>
configure:5479: result: no
configure:5485: checking for dev/isa/spkrio.h
configure:5485: /home/linuxbrew/.linuxbrew/Cellar/emscripten/3.1.51/libexec/emcc -c -O3 -g -Wall -Wdeclaration-after-statement -Wredundant-decls     -gsource-map -s INVOKE_RUN=1 -s USE_SDL=2 -s USE_SDL_MIXER=2 -s LEGACY_GL_EMULATION=0 -s USE_SDL_NET=2 -s ASSERTIONS=0 -s WASM=1 -s ALLOW_MEMORY_GROWTH=0 -s FORCE_FILESYSTEM=1 -s EXTRA_EXPORTED_RUNTIME_METHODS=['FS','ccall'] -s SAFE_HEAP=1 -s EXIT_RUNTIME=1 -s STACK_OVERFLOW_CHECK=1 -s PROXY_POSIX_SOCKETS=0 -s USE_PTHREADS=0 -s PROXY_TO_PTHREAD=0 -s TOTAL_MEMORY=64MB -s ERROR_ON_UNDEFINED_SYMBOLS=0 -s ASYNCIFY -O3 --source-map-base /  conftest.c >&5
emcc: warning: linker setting ignored during compilation: 'INVOKE_RUN' [-Wunused-command-line-argument]
emcc: warning: linker setting ignored during compilation: 'LEGACY_GL_EMULATION' [-Wunused-command-line-argument]
emcc: warning: linker setting ignored during compilation: 'ASSERTIONS' [-Wunused-command-line-argument]
emcc: warning: linker setting ignored during compilation: 'WASM' [-Wunused-command-line-argument]
emcc: warning: linker setting ignored during compilation: 'ALLOW_MEMORY_GROWTH' [-Wunused-command-line-argument]
emcc: warning: linker setting ignored during compilation: 'FORCE_FILESYSTEM' [-Wunused-command-line-argument]
emcc: warning: linker setting ignored during compilation: 'EXTRA_EXPORTED_RUNTIME_METHODS' [-Wunused-command-line-argument]
emcc: warning: linker setting ignored during compilation: 'SAFE_HEAP' [-Wunused-command-line-argument]
emcc: warning: linker setting ignored during compilation: 'EXIT_RUNTIME' [-Wunused-command-line-argument]
emcc: warning: linker setting ignored during compilation: 'STACK_OVERFLOW_CHECK' [-Wunused-command-line-argument]
emcc: warning: linker setting ignored during compilation: 'PROXY_POSIX_SOCKETS' [-Wunused-command-line-argument]
emcc: warning: linker setting ignored during compilation: 'PROXY_TO_PTHREAD' [-Wunused-command-line-argument]
emcc: warning: linker setting ignored during compilation: 'TOTAL_MEMORY' [-Wunused-command-line-argument]
emcc: warning: linker setting ignored during compilation: 'ERROR_ON_UNDEFINED_SYMBOLS' [-Wunused-command-line-argument]
emcc: warning: linker setting ignored during compilation: 'ASYNCIFY' [-Wunused-command-line-argument]
emcc: warning: linker flag ignored during compilation: '--source-map-base' [-Wunused-command-line-argument]
conftest.c:49:10: fatal error: 'dev/isa/spkrio.h' file not found
   49 | #include <dev/isa/spkrio.h>
      |          ^~~~~~~~~~~~~~~~~~
1 error generated.
configure:5485: $? = 1
configure: failed program was:
| /* confdefs.h */
| #define PACKAGE_NAME "Websockets Doom"
| #define PACKAGE_TARNAME "doom-ws-wasm"
| #define PACKAGE_VERSION "0.0.1"
| #define PACKAGE_STRING "Websockets Doom 0.0.1"
| #define PACKAGE_BUGREPORT "celso@cloudflare.com"
| #define PACKAGE_URL ""
| #define HAVE_LIBM 1
| #define HAVE_STDIO_H 1
| #define HAVE_STDLIB_H 1
| #define HAVE_STRING_H 1
| #define HAVE_INTTYPES_H 1
| #define HAVE_STDINT_H 1
| #define HAVE_STRINGS_H 1
| #define HAVE_SYS_STAT_H 1
| #define HAVE_SYS_TYPES_H 1
| #define HAVE_UNISTD_H 1
| #define STDC_HEADERS 1
| #define HAVE_DIRENT_H 1
| /* end confdefs.h.  */
| #include <stddef.h>
| #ifdef HAVE_STDIO_H
| # include <stdio.h>
| #endif
| #ifdef HAVE_STDLIB_H
| # include <stdlib.h>
| #endif
| #ifdef HAVE_STRING_H
| # include <string.h>
| #endif
| #ifdef HAVE_INTTYPES_H
| # include <inttypes.h>
| #endif
| #ifdef HAVE_STDINT_H
| # include <stdint.h>
| #endif
| #ifdef HAVE_STRINGS_H
| # include <strings.h>
| #endif
| #ifdef HAVE_SYS_TYPES_H
| # include <sys/types.h>
| #endif
| #ifdef HAVE_SYS_STAT_H
| # include <sys/stat.h>
| #endif
| #ifdef HAVE_UNISTD_H
| # include <unistd.h>
| #endif
| #include <dev/isa/spkrio.h>
configure:5485: result: no
configure:5491: checking for dev/speaker/speaker.h
configure:5491: /home/linuxbrew/.linuxbrew/Cellar/emscripten/3.1.51/libexec/emcc -c -O3 -g -Wall -Wdeclaration-after-statement -Wredundant-decls     -gsource-map -s INVOKE_RUN=1 -s USE_SDL=2 -s USE_SDL_MIXER=2 -s LEGACY_GL_EMULATION=0 -s USE_SDL_NET=2 -s ASSERTIONS=0 -s WASM=1 -s ALLOW_MEMORY_GROWTH=0 -s FORCE_FILESYSTEM=1 -s EXTRA_EXPORTED_RUNTIME_METHODS=['FS','ccall'] -s SAFE_HEAP=1 -s EXIT_RUNTIME=1 -s STACK_OVERFLOW_CHECK=1 -s PROXY_POSIX_SOCKETS=0 -s USE_PTHREADS=0 -s PROXY_TO_PTHREAD=0 -s TOTAL_MEMORY=64MB -s ERROR_ON_UNDEFINED_SYMBOLS=0 -s ASYNCIFY -O3 --source-map-base /  conftest.c >&5
emcc: warning: linker setting ignored during compilation: 'INVOKE_RUN' [-Wunused-command-line-argument]
emcc: warning: linker setting ignored during compilation: 'LEGACY_GL_EMULATION' [-Wunused-command-line-argument]
emcc: warning: linker setting ignored during compilation: 'ASSERTIONS' [-Wunused-command-line-argument]
emcc: warning: linker setting ignored during compilation: 'WASM' [-Wunused-command-line-argument]
emcc: warning: linker setting ignored during compilation: 'ALLOW_MEMORY_GROWTH' [-Wunused-command-line-argument]
emcc: warning: linker setting ignored during compilation: 'FORCE_FILESYSTEM' [-Wunused-command-line-argument]
emcc: warning: linker setting ignored during compilation: 'EXTRA_EXPORTED_RUNTIME_METHODS' [-Wunused-command-line-argument]
emcc: warning: linker setting ignored during compilation: 'SAFE_HEAP' [-Wunused-command-line-argument]
emcc: warning: linker setting ignored during compilation: 'EXIT_RUNTIME' [-Wunused-command-line-argument]
emcc: warning: linker setting ignored during compilation: 'STACK_OVERFLOW_CHECK' [-Wunused-command-line-argument]
emcc: warning: linker setting ignored during compilation: 'PROXY_POSIX_SOCKETS' [-Wunused-command-line-argument]
emcc: warning: linker setting ignored during compilation: 'PROXY_TO_PTHREAD' [-Wunused-command-line-argument]
emcc: warning: linker setting ignored during compilation: 'TOTAL_MEMORY' [-Wunused-command-line-argument]
emcc: warning: linker setting ignored during compilation: 'ERROR_ON_UNDEFINED_SYMBOLS' [-Wunused-command-line-argument]
emcc: warning: linker setting ignored during compilation: 'ASYNCIFY' [-Wunused-command-line-argument]
emcc: warning: linker flag ignored during compilation: '--source-map-base' [-Wunused-command-line-argument]
conftest.c:49:10: fatal error: 'dev/speaker/speaker.h' file not found
   49 | #include <dev/speaker/speaker.h>
      |          ^~~~~~~~~~~~~~~~~~~~~~~
1 error generated.
configure:5491: $? = 1
configure: failed program was:
| /* confdefs.h */
| #define PACKAGE_NAME "Websockets Doom"
| #define PACKAGE_TARNAME "doom-ws-wasm"
| #define PACKAGE_VERSION "0.0.1"
| #define PACKAGE_STRING "Websockets Doom 0.0.1"
| #define PACKAGE_BUGREPORT "celso@cloudflare.com"
| #define PACKAGE_URL ""
| #define HAVE_LIBM 1
| #define HAVE_STDIO_H 1
| #define HAVE_STDLIB_H 1
| #define HAVE_STRING_H 1
| #define HAVE_INTTYPES_H 1
| #define HAVE_STDINT_H 1
| #define HAVE_STRINGS_H 1
| #define HAVE_SYS_STAT_H 1
| #define HAVE_SYS_TYPES_H 1
| #define HAVE_UNISTD_H 1
| #define STDC_HEADERS 1
| #define HAVE_DIRENT_H 1
| /* end confdefs.h.  */
| #include <stddef.h>
| #ifdef HAVE_STDIO_H
| # include <stdio.h>
| #endif
| #ifdef HAVE_STDLIB_H
| # include <stdlib.h>
| #endif
| #ifdef HAVE_STRING_H
| # include <string.h>
| #endif
| #ifdef HAVE_INTTYPES_H
| # include <inttypes.h>
| #endif
| #ifdef HAVE_STDINT_H
| # include <stdint.h>
| #endif
| #ifdef HAVE_STRINGS_H
| # include <strings.h>
| #endif
| #ifdef HAVE_SYS_TYPES_H
| # include <sys/types.h>
| #endif
| #ifdef HAVE_SYS_STAT_H
| # include <sys/stat.h>
| #endif
| #ifdef HAVE_UNISTD_H
| # include <unistd.h>
| #endif
| #include <dev/speaker/speaker.h>
configure:5491: result: no
configure:5498: checking for mmap
configure:5498: /home/linuxbrew/.linuxbrew/Cellar/emscripten/3.1.51/libexec/emcc -o conftest.html -O3 -g -Wall -Wdeclaration-after-statement -Wredundant-decls     -gsource-map -s INVOKE_RUN=1 -s USE_SDL=2 -s USE_SDL_MIXER=2 -s LEGACY_GL_EMULATION=0 -s USE_SDL_NET=2 -s ASSERTIONS=0 -s WASM=1 -s ALLOW_MEMORY_GROWTH=0 -s FORCE_FILESYSTEM=1 -s EXTRA_EXPORTED_RUNTIME_METHODS=['FS','ccall'] -s SAFE_HEAP=1 -s EXIT_RUNTIME=1 -s STACK_OVERFLOW_CHECK=1 -s PROXY_POSIX_SOCKETS=0 -s USE_PTHREADS=0 -s PROXY_TO_PTHREAD=0 -s TOTAL_MEMORY=64MB -s ERROR_ON_UNDEFINED_SYMBOLS=0 -s ASYNCIFY -O3 --source-map-base /      -gsource-map -s INVOKE_RUN=1 -s USE_SDL=2 -s USE_SDL_MIXER=2 -s LEGACY_GL_EMULATION=0 -s USE_SDL_NET=2 -s ASSERTIONS=0 -s WASM=1 -s ALLOW_MEMORY_GROWTH=0 -s FORCE_FILESYSTEM=1 -s EXTRA_EXPORTED_RUNTIME_METHODS=['FS','ccall'] -s SAFE_HEAP=1 -s EXIT_RUNTIME=1 -s STACK_OVERFLOW_CHECK=1 -s PROXY_POSIX_SOCKETS=0 -s USE_PTHREADS=0 -s PROXY_TO_PTHREAD=0 -s TOTAL_MEMORY=64MB -s ERROR_ON_UNDEFINED_SYMBOLS=0 -s ASYNCIFY -O3 --source-map-base / -lwebsocket.js conftest.c -lm  >&5
emcc: warning: EXTRA_EXPORTED_RUNTIME_METHODS is deprecated, please use EXPORTED_RUNTIME_METHODS instead [-Wdeprecated]
wasm-ld: warning: function signature mismatch: mmap
>>> defined as () -> i32 in /tmp/emscripten_temp_wob21pu_/conftest_0.o
>>> defined as (i32, i32, i32, i32, i32, i64) -> i32 in /home/linuxbrew/.linuxbrew/Cellar/emscripten/3.1.51/libexec/cache/sysroot/lib/wasm32-emscripten/libc.a(mmap.o)
emcc: warning: running limited binaryen optimizations because DWARF info requested (or indirectly required) [-Wlimited-postlink-optimizations]
configure:5498: $? = 0
configure:5498: result: yes
configure:5504: checking for ioperm
configure:5504: /home/linuxbrew/.linuxbrew/Cellar/emscripten/3.1.51/libexec/emcc -o conftest.html -O3 -g -Wall -Wdeclaration-after-statement -Wredundant-decls     -gsource-map -s INVOKE_RUN=1 -s USE_SDL=2 -s USE_SDL_MIXER=2 -s LEGACY_GL_EMULATION=0 -s USE_SDL_NET=2 -s ASSERTIONS=0 -s WASM=1 -s ALLOW_MEMORY_GROWTH=0 -s FORCE_FILESYSTEM=1 -s EXTRA_EXPORTED_RUNTIME_METHODS=['FS','ccall'] -s SAFE_HEAP=1 -s EXIT_RUNTIME=1 -s STACK_OVERFLOW_CHECK=1 -s PROXY_POSIX_SOCKETS=0 -s USE_PTHREADS=0 -s PROXY_TO_PTHREAD=0 -s TOTAL_MEMORY=64MB -s ERROR_ON_UNDEFINED_SYMBOLS=0 -s ASYNCIFY -O3 --source-map-base /      -gsource-map -s INVOKE_RUN=1 -s USE_SDL=2 -s USE_SDL_MIXER=2 -s LEGACY_GL_EMULATION=0 -s USE_SDL_NET=2 -s ASSERTIONS=0 -s WASM=1 -s ALLOW_MEMORY_GROWTH=0 -s FORCE_FILESYSTEM=1 -s EXTRA_EXPORTED_RUNTIME_METHODS=['FS','ccall'] -s SAFE_HEAP=1 -s EXIT_RUNTIME=1 -s STACK_OVERFLOW_CHECK=1 -s PROXY_POSIX_SOCKETS=0 -s USE_PTHREADS=0 -s PROXY_TO_PTHREAD=0 -s TOTAL_MEMORY=64MB -s ERROR_ON_UNDEFINED_SYMBOLS=0 -s ASYNCIFY -O3 --source-map-base / -lwebsocket.js conftest.c -lm  >&5
emcc: warning: EXTRA_EXPORTED_RUNTIME_METHODS is deprecated, please use EXPORTED_RUNTIME_METHODS instead [-Wdeprecated]
warning: undefined symbol: ioperm (referenced by root reference (e.g. compiled C/C++ code))
emcc: warning: warnings in JS library compilation [-Wjs-compiler]
emcc: warning: running limited binaryen optimizations because DWARF info requested (or indirectly required) [-Wlimited-postlink-optimizations]
configure:5504: $? = 0
configure:5504: result: yes
configure:5511: checking for /home/linuxbrew/.linuxbrew/Cellar/emscripten/3.1.51/libexec/emcc options needed to detect all undeclared functions
configure:5533: /home/linuxbrew/.linuxbrew/Cellar/emscripten/3.1.51/libexec/emcc -c -O3 -g -Wall -Wdeclaration-after-statement -Wredundant-decls     -gsource-map -s INVOKE_RUN=1 -s USE_SDL=2 -s USE_SDL_MIXER=2 -s LEGACY_GL_EMULATION=0 -s USE_SDL_NET=2 -s ASSERTIONS=0 -s WASM=1 -s ALLOW_MEMORY_GROWTH=0 -s FORCE_FILESYSTEM=1 -s EXTRA_EXPORTED_RUNTIME_METHODS=['FS','ccall'] -s SAFE_HEAP=1 -s EXIT_RUNTIME=1 -s STACK_OVERFLOW_CHECK=1 -s PROXY_POSIX_SOCKETS=0 -s USE_PTHREADS=0 -s PROXY_TO_PTHREAD=0 -s TOTAL_MEMORY=64MB -s ERROR_ON_UNDEFINED_SYMBOLS=0 -s ASYNCIFY -O3 --source-map-base /   conftest.c >&5
emcc: warning: linker setting ignored during compilation: 'INVOKE_RUN' [-Wunused-command-line-argument]
emcc: warning: linker setting ignored during compilation: 'LEGACY_GL_EMULATION' [-Wunused-command-line-argument]
emcc: warning: linker setting ignored during compilation: 'ASSERTIONS' [-Wunused-command-line-argument]
emcc: warning: linker setting ignored during compilation: 'WASM' [-Wunused-command-line-argument]
emcc: warning: linker setting ignored during compilation: 'ALLOW_MEMORY_GROWTH' [-Wunused-command-line-argument]
emcc: warning: linker setting ignored during compilation: 'FORCE_FILESYSTEM' [-Wunused-command-line-argument]
emcc: warning: linker setting ignored during compilation: 'EXTRA_EXPORTED_RUNTIME_METHODS' [-Wunused-command-line-argument]
emcc: warning: linker setting ignored during compilation: 'SAFE_HEAP' [-Wunused-command-line-argument]
emcc: warning: linker setting ignored during compilation: 'EXIT_RUNTIME' [-Wunused-command-line-argument]
emcc: warning: linker setting ignored during compilation: 'STACK_OVERFLOW_CHECK' [-Wunused-command-line-argument]
emcc: warning: linker setting ignored during compilation: 'PROXY_POSIX_SOCKETS' [-Wunused-command-line-argument]
emcc: warning: linker setting ignored during compilation: 'PROXY_TO_PTHREAD' [-Wunused-command-line-argument]
emcc: warning: linker setting ignored during compilation: 'TOTAL_MEMORY' [-Wunused-command-line-argument]
emcc: warning: linker setting ignored during compilation: 'ERROR_ON_UNDEFINED_SYMBOLS' [-Wunused-command-line-argument]
emcc: warning: linker setting ignored during compilation: 'ASYNCIFY' [-Wunused-command-line-argument]
emcc: warning: linker flag ignored during compilation: '--source-map-base' [-Wunused-command-line-argument]
conftest.c:27:8: error: call to undeclared library function 'strchr' with type 'char *(const char *, int)'; ISO C99 and later do not support implicit function declarations [-Wimplicit-function-declaration]
   27 | (void) strchr;
      |        ^
conftest.c:27:8: note: include the header <string.h> or explicitly provide a declaration for 'strchr'
1 error generated.
configure:5533: $? = 1
configure: failed program was:
| /* confdefs.h */
| #define PACKAGE_NAME "Websockets Doom"
| #define PACKAGE_TARNAME "doom-ws-wasm"
| #define PACKAGE_VERSION "0.0.1"
| #define PACKAGE_STRING "Websockets Doom 0.0.1"
| #define PACKAGE_BUGREPORT "celso@cloudflare.com"
| #define PACKAGE_URL ""
| #define HAVE_LIBM 1
| #define HAVE_STDIO_H 1
| #define HAVE_STDLIB_H 1
| #define HAVE_STRING_H 1
| #define HAVE_INTTYPES_H 1
| #define HAVE_STDINT_H 1
| #define HAVE_STRINGS_H 1
| #define HAVE_SYS_STAT_H 1
| #define HAVE_SYS_TYPES_H 1
| #define HAVE_UNISTD_H 1
| #define STDC_HEADERS 1
| #define HAVE_DIRENT_H 1
| #define HAVE_MMAP 1
| #define HAVE_IOPERM 1
| /* end confdefs.h.  */
| 
| int
| main (void)
| {
| (void) strchr;
|   ;
|   return 0;
| }
configure:5560: /home/linuxbrew/.linuxbrew/Cellar/emscripten/3.1.51/libexec/emcc -c -O3 -g -Wall -Wdeclaration-after-statement -Wredundant-decls     -gsource-map -s INVOKE_RUN=1 -s USE_SDL=2 -s USE_SDL_MIXER=2 -s LEGACY_GL_EMULATION=0 -s USE_SDL_NET=2 -s ASSERTIONS=0 -s WASM=1 -s ALLOW_MEMORY_GROWTH=0 -s FORCE_FILESYSTEM=1 -s EXTRA_EXPORTED_RUNTIME_METHODS=['FS','ccall'] -s SAFE_HEAP=1 -s EXIT_RUNTIME=1 -s STACK_OVERFLOW_CHECK=1 -s PROXY_POSIX_SOCKETS=0 -s USE_PTHREADS=0 -s PROXY_TO_PTHREAD=0 -s TOTAL_MEMORY=64MB -s ERROR_ON_UNDEFINED_SYMBOLS=0 -s ASYNCIFY -O3 --source-map-base /   conftest.c >&5
emcc: warning: linker setting ignored during compilation: 'INVOKE_RUN' [-Wunused-command-line-argument]
emcc: warning: linker setting ignored during compilation: 'LEGACY_GL_EMULATION' [-Wunused-command-line-argument]
emcc: warning: linker setting ignored during compilation: 'ASSERTIONS' [-Wunused-command-line-argument]
emcc: warning: linker setting ignored during compilation: 'WASM' [-Wunused-command-line-argument]
emcc: warning: linker setting ignored during compilation: 'ALLOW_MEMORY_GROWTH' [-Wunused-command-line-argument]
emcc: warning: linker setting ignored during compilation: 'FORCE_FILESYSTEM' [-Wunused-command-line-argument]
emcc: warning: linker setting ignored during compilation: 'EXTRA_EXPORTED_RUNTIME_METHODS' [-Wunused-command-line-argument]
emcc: warning: linker setting ignored during compilation: 'SAFE_HEAP' [-Wunused-command-line-argument]
emcc: warning: linker setting ignored during compilation: 'EXIT_RUNTIME' [-Wunused-command-line-argument]
emcc: warning: linker setting ignored during compilation: 'STACK_OVERFLOW_CHECK' [-Wunused-command-line-argument]
emcc: warning: linker setting ignored during compilation: 'PROXY_POSIX_SOCKETS' [-Wunused-command-line-argument]
emcc: warning: linker setting ignored during compilation: 'PROXY_TO_PTHREAD' [-Wunused-command-line-argument]
emcc: warning: linker setting ignored during compilation: 'TOTAL_MEMORY' [-Wunused-command-line-argument]
emcc: warning: linker setting ignored during compilation: 'ERROR_ON_UNDEFINED_SYMBOLS' [-Wunused-command-line-argument]
emcc: warning: linker setting ignored during compilation: 'ASYNCIFY' [-Wunused-command-line-argument]
emcc: warning: linker flag ignored during compilation: '--source-map-base' [-Wunused-command-line-argument]
configure:5560: $? = 0
configure:5580: result: none needed
configure:5594: checking whether strcasecmp is declared
configure:5594: /home/linuxbrew/.linuxbrew/Cellar/emscripten/3.1.51/libexec/emcc -c -O3 -g -Wall -Wdeclaration-after-statement -Wredundant-decls     -gsource-map -s INVOKE_RUN=1 -s USE_SDL=2 -s USE_SDL_MIXER=2 -s LEGACY_GL_EMULATION=0 -s USE_SDL_NET=2 -s ASSERTIONS=0 -s WASM=1 -s ALLOW_MEMORY_GROWTH=0 -s FORCE_FILESYSTEM=1 -s EXTRA_EXPORTED_RUNTIME_METHODS=['FS','ccall'] -s SAFE_HEAP=1 -s EXIT_RUNTIME=1 -s STACK_OVERFLOW_CHECK=1 -s PROXY_POSIX_SOCKETS=0 -s USE_PTHREADS=0 -s PROXY_TO_PTHREAD=0 -s TOTAL_MEMORY=64MB -s ERROR_ON_UNDEFINED_SYMBOLS=0 -s ASYNCIFY -O3 --source-map-base /   conftest.c >&5
emcc: warning: linker setting ignored during compilation: 'INVOKE_RUN' [-Wunused-command-line-argument]
emcc: warning: linker setting ignored during compilation: 'LEGACY_GL_EMULATION' [-Wunused-command-line-argument]
emcc: warning: linker setting ignored during compilation: 'ASSERTIONS' [-Wunused-command-line-argument]
emcc: warning: linker setting ignored during compilation: 'WASM' [-Wunused-command-line-argument]
emcc: warning: linker setting ignored during compilation: 'ALLOW_MEMORY_GROWTH' [-Wunused-command-line-argument]
emcc: warning: linker setting ignored during compilation: 'FORCE_FILESYSTEM' [-Wunused-command-line-argument]
emcc: warning: linker setting ignored during compilation: 'EXTRA_EXPORTED_RUNTIME_METHODS' [-Wunused-command-line-argument]
emcc: warning: linker setting ignored during compilation: 'SAFE_HEAP' [-Wunused-command-line-argument]
emcc: warning: linker setting ignored during compilation: 'EXIT_RUNTIME' [-Wunused-command-line-argument]
emcc: warning: linker setting ignored during compilation: 'STACK_OVERFLOW_CHECK' [-Wunused-command-line-argument]
emcc: warning: linker setting ignored during compilation: 'PROXY_POSIX_SOCKETS' [-Wunused-command-line-argument]
emcc: warning: linker setting ignored during compilation: 'PROXY_TO_PTHREAD' [-Wunused-command-line-argument]
emcc: warning: linker setting ignored during compilation: 'TOTAL_MEMORY' [-Wunused-command-line-argument]
emcc: warning: linker setting ignored during compilation: 'ERROR_ON_UNDEFINED_SYMBOLS' [-Wunused-command-line-argument]
emcc: warning: linker setting ignored during compilation: 'ASYNCIFY' [-Wunused-command-line-argument]
emcc: warning: linker flag ignored during compilation: '--source-map-base' [-Wunused-command-line-argument]
configure:5594: $? = 0
configure:5594: result: yes
configure:5604: checking whether strncasecmp is declared
configure:5604: /home/linuxbrew/.linuxbrew/Cellar/emscripten/3.1.51/libexec/emcc -c -O3 -g -Wall -Wdeclaration-after-statement -Wredundant-decls     -gsource-map -s INVOKE_RUN=1 -s USE_SDL=2 -s USE_SDL_MIXER=2 -s LEGACY_GL_EMULATION=0 -s USE_SDL_NET=2 -s ASSERTIONS=0 -s WASM=1 -s ALLOW_MEMORY_GROWTH=0 -s FORCE_FILESYSTEM=1 -s EXTRA_EXPORTED_RUNTIME_METHODS=['FS','ccall'] -s SAFE_HEAP=1 -s EXIT_RUNTIME=1 -s STACK_OVERFLOW_CHECK=1 -s PROXY_POSIX_SOCKETS=0 -s USE_PTHREADS=0 -s PROXY_TO_PTHREAD=0 -s TOTAL_MEMORY=64MB -s ERROR_ON_UNDEFINED_SYMBOLS=0 -s ASYNCIFY -O3 --source-map-base /   conftest.c >&5
emcc: warning: linker setting ignored during compilation: 'INVOKE_RUN' [-Wunused-command-line-argument]
emcc: warning: linker setting ignored during compilation: 'LEGACY_GL_EMULATION' [-Wunused-command-line-argument]
emcc: warning: linker setting ignored during compilation: 'ASSERTIONS' [-Wunused-command-line-argument]
emcc: warning: linker setting ignored during compilation: 'WASM' [-Wunused-command-line-argument]
emcc: warning: linker setting ignored during compilation: 'ALLOW_MEMORY_GROWTH' [-Wunused-command-line-argument]
emcc: warning: linker setting ignored during compilation: 'FORCE_FILESYSTEM' [-Wunused-command-line-argument]
emcc: warning: linker setting ignored during compilation: 'EXTRA_EXPORTED_RUNTIME_METHODS' [-Wunused-command-line-argument]
emcc: warning: linker setting ignored during compilation: 'SAFE_HEAP' [-Wunused-command-line-argument]
emcc: warning: linker setting ignored during compilation: 'EXIT_RUNTIME' [-Wunused-command-line-argument]
emcc: warning: linker setting ignored during compilation: 'STACK_OVERFLOW_CHECK' [-Wunused-command-line-argument]
emcc: warning: linker setting ignored during compilation: 'PROXY_POSIX_SOCKETS' [-Wunused-command-line-argument]
emcc: warning: linker setting ignored during compilation: 'PROXY_TO_PTHREAD' [-Wunused-command-line-argument]
emcc: warning: linker setting ignored during compilation: 'TOTAL_MEMORY' [-Wunused-command-line-argument]
emcc: warning: linker setting ignored during compilation: 'ERROR_ON_UNDEFINED_SYMBOLS' [-Wunused-command-line-argument]
emcc: warning: linker setting ignored during compilation: 'ASYNCIFY' [-Wunused-command-line-argument]
emcc: warning: linker flag ignored during compilation: '--source-map-base' [-Wunused-command-line-argument]
configure:5604: $? = 0
configure:5604: result: yes
configure:5619: checking for i386_iopl in -li386
configure:5648: /home/linuxbrew/.linuxbrew/Cellar/emscripten/3.1.51/libexec/emcc -o conftest.html -O3 -g -Wall -Wdeclaration-after-statement -Wredundant-decls     -gsource-map -s INVOKE_RUN=1 -s USE_SDL=2 -s USE_SDL_MIXER=2 -s LEGACY_GL_EMULATION=0 -s USE_SDL_NET=2 -s ASSERTIONS=0 -s WASM=1 -s ALLOW_MEMORY_GROWTH=0 -s FORCE_FILESYSTEM=1 -s EXTRA_EXPORTED_RUNTIME_METHODS=['FS','ccall'] -s SAFE_HEAP=1 -s EXIT_RUNTIME=1 -s STACK_OVERFLOW_CHECK=1 -s PROXY_POSIX_SOCKETS=0 -s USE_PTHREADS=0 -s PROXY_TO_PTHREAD=0 -s TOTAL_MEMORY=64MB -s ERROR_ON_UNDEFINED_SYMBOLS=0 -s ASYNCIFY -O3 --source-map-base /      -gsource-map -s INVOKE_RUN=1 -s USE_SDL=2 -s USE_SDL_MIXER=2 -s LEGACY_GL_EMULATION=0 -s USE_SDL_NET=2 -s ASSERTIONS=0 -s WASM=1 -s ALLOW_MEMORY_GROWTH=0 -s FORCE_FILESYSTEM=1 -s EXTRA_EXPORTED_RUNTIME_METHODS=['FS','ccall'] -s SAFE_HEAP=1 -s EXIT_RUNTIME=1 -s STACK_OVERFLOW_CHECK=1 -s PROXY_POSIX_SOCKETS=0 -s USE_PTHREADS=0 -s PROXY_TO_PTHREAD=0 -s TOTAL_MEMORY=64MB -s ERROR_ON_UNDEFINED_SYMBOLS=0 -s ASYNCIFY -O3 --source-map-base / -lwebsocket.js conftest.c -li386  -lm  >&5
emcc: warning: EXTRA_EXPORTED_RUNTIME_METHODS is deprecated, please use EXPORTED_RUNTIME_METHODS instead [-Wdeprecated]
wasm-ld: error: unable to find library -li386
emcc: error: '/home/linuxbrew/.linuxbrew/Cellar/emscripten/3.1.51/libexec/llvm/bin/wasm-ld -o conftest.wasm /tmp/emscripten_temp_nklrxyst/conftest_0.o -li386 -L/home/linuxbrew/.linuxbrew/Cellar/emscripten/3.1.51/libexec/cache/sysroot/lib/wasm32-emscripten /home/linuxbrew/.linuxbrew/Cellar/emscripten/3.1.51/libexec/cache/sysroot/lib/wasm32-emscripten/libSDL2_mixer_ogg.a /home/linuxbrew/.linuxbrew/Cellar/emscripten/3.1.51/libexec/cache/sysroot/lib/wasm32-emscripten/libSDL2_net.a /home/linuxbrew/.linuxbrew/Cellar/emscripten/3.1.51/libexec/cache/sysroot/lib/wasm32-emscripten/libSDL2.a /home/linuxbrew/.linuxbrew/Cellar/emscripten/3.1.51/libexec/cache/sysroot/lib/wasm32-emscripten/libvorbis.a /home/linuxbrew/.linuxbrew/Cellar/emscripten/3.1.51/libexec/cache/sysroot/lib/wasm32-emscripten/libogg.a -lGL-getprocaddr -lal -lhtml5 -lstubs -lc -ldlmalloc -lcompiler_rt -lc++-noexcept -lc++abi-noexcept -lsockets -mllvm -combiner-global-alias-analysis=false -mllvm -enable-emscripten-sjlj -mllvm -disable-lsr /tmp/tmpjlakplkxlibemscripten_js_symbols.so --import-undefined --export-if-defined=main --export-if-defined=__start_em_asm --export-if-defined=__stop_em_asm --export-if-defined=__start_em_lib_deps --export-if-defined=__stop_em_lib_deps --export-if-defined=__start_em_js --export-if-defined=__stop_em_js --export-if-defined=__main_argc_argv --export-if-defined=fflush --export-if-defined=sbrk --export-if-defined=emscripten_stack_get_end --export-if-defined=emscripten_stack_get_free --export-if-defined=emscripten_stack_get_base --export-if-defined=emscripten_stack_get_current --export-if-defined=emscripten_stack_init --export-if-defined=stackSave --export-if-defined=stackRestore --export-if-defined=stackAlloc --export-if-defined=__errno_location --export-if-defined=emscripten_get_sbrk_ptr --export-if-defined=__get_temp_ret --export-if-defined=__set_temp_ret --export-if-defined=__funcs_on_exit --export-if-defined=__wasm_call_ctors --export-if-defined=malloc --export-if-defined=free --export-table -z stack-size=65536 --initial-memory=67108864 --max-memory=67108864 --no-entry --table-base=1 --global-base=1024' failed (returned 1)
configure:5648: $? = 1
configure: failed program was:
| /* confdefs.h */
| #define PACKAGE_NAME "Websockets Doom"
| #define PACKAGE_TARNAME "doom-ws-wasm"
| #define PACKAGE_VERSION "0.0.1"
| #define PACKAGE_STRING "Websockets Doom 0.0.1"
| #define PACKAGE_BUGREPORT "celso@cloudflare.com"
| #define PACKAGE_URL ""
| #define HAVE_LIBM 1
| #define HAVE_STDIO_H 1
| #define HAVE_STDLIB_H 1
| #define HAVE_STRING_H 1
| #define HAVE_INTTYPES_H 1
| #define HAVE_STDINT_H 1
| #define HAVE_STRINGS_H 1
| #define HAVE_SYS_STAT_H 1
| #define HAVE_SYS_TYPES_H 1
| #define HAVE_UNISTD_H 1
| #define STDC_HEADERS 1
| #define HAVE_DIRENT_H 1
| #define HAVE_MMAP 1
| #define HAVE_IOPERM 1
| #define HAVE_DECL_STRCASECMP 1
| #define HAVE_DECL_STRNCASECMP 1
| /* end confdefs.h.  */
| 
| /* Override any GCC internal prototype to avoid an error.
|    Use char because int might match the return type of a GCC
|    builtin and then its argument prototype would still apply.
|    The 'extern "C"' is for builds by C++ compilers;
|    although this is not generally supported in C code supporting it here
|    has little cost and some practical benefit (sr 110532).  */
| #ifdef __cplusplus
| extern "C"
| #endif
| char i386_iopl (void);
| int
| main (void)
| {
| return i386_iopl ();
|   ;
|   return 0;
| }
configure:5660: result: no
configure:5670: checking for amd64_iopl in -lamd64
configure:5699: /home/linuxbrew/.linuxbrew/Cellar/emscripten/3.1.51/libexec/emcc -o conftest.html -O3 -g -Wall -Wdeclaration-after-statement -Wredundant-decls     -gsource-map -s INVOKE_RUN=1 -s USE_SDL=2 -s USE_SDL_MIXER=2 -s LEGACY_GL_EMULATION=0 -s USE_SDL_NET=2 -s ASSERTIONS=0 -s WASM=1 -s ALLOW_MEMORY_GROWTH=0 -s FORCE_FILESYSTEM=1 -s EXTRA_EXPORTED_RUNTIME_METHODS=['FS','ccall'] -s SAFE_HEAP=1 -s EXIT_RUNTIME=1 -s STACK_OVERFLOW_CHECK=1 -s PROXY_POSIX_SOCKETS=0 -s USE_PTHREADS=0 -s PROXY_TO_PTHREAD=0 -s TOTAL_MEMORY=64MB -s ERROR_ON_UNDEFINED_SYMBOLS=0 -s ASYNCIFY -O3 --source-map-base /      -gsource-map -s INVOKE_RUN=1 -s USE_SDL=2 -s USE_SDL_MIXER=2 -s LEGACY_GL_EMULATION=0 -s USE_SDL_NET=2 -s ASSERTIONS=0 -s WASM=1 -s ALLOW_MEMORY_GROWTH=0 -s FORCE_FILESYSTEM=1 -s EXTRA_EXPORTED_RUNTIME_METHODS=['FS','ccall'] -s SAFE_HEAP=1 -s EXIT_RUNTIME=1 -s STACK_OVERFLOW_CHECK=1 -s PROXY_POSIX_SOCKETS=0 -s USE_PTHREADS=0 -s PROXY_TO_PTHREAD=0 -s TOTAL_MEMORY=64MB -s ERROR_ON_UNDEFINED_SYMBOLS=0 -s ASYNCIFY -O3 --source-map-base / -lwebsocket.js conftest.c -lamd64  -lm  >&5
emcc: warning: EXTRA_EXPORTED_RUNTIME_METHODS is deprecated, please use EXPORTED_RUNTIME_METHODS instead [-Wdeprecated]
wasm-ld: error: unable to find library -lamd64
emcc: error: '/home/linuxbrew/.linuxbrew/Cellar/emscripten/3.1.51/libexec/llvm/bin/wasm-ld -o conftest.wasm /tmp/emscripten_temp_lgphtd_f/conftest_0.o -lamd64 -L/home/linuxbrew/.linuxbrew/Cellar/emscripten/3.1.51/libexec/cache/sysroot/lib/wasm32-emscripten /home/linuxbrew/.linuxbrew/Cellar/emscripten/3.1.51/libexec/cache/sysroot/lib/wasm32-emscripten/libSDL2_mixer_ogg.a /home/linuxbrew/.linuxbrew/Cellar/emscripten/3.1.51/libexec/cache/sysroot/lib/wasm32-emscripten/libSDL2_net.a /home/linuxbrew/.linuxbrew/Cellar/emscripten/3.1.51/libexec/cache/sysroot/lib/wasm32-emscripten/libSDL2.a /home/linuxbrew/.linuxbrew/Cellar/emscripten/3.1.51/libexec/cache/sysroot/lib/wasm32-emscripten/libvorbis.a /home/linuxbrew/.linuxbrew/Cellar/emscripten/3.1.51/libexec/cache/sysroot/lib/wasm32-emscripten/libogg.a -lGL-getprocaddr -lal -lhtml5 -lstubs -lc -ldlmalloc -lcompiler_rt -lc++-noexcept -lc++abi-noexcept -lsockets -mllvm -combiner-global-alias-analysis=false -mllvm -enable-emscripten-sjlj -mllvm -disable-lsr /tmp/tmphonb1pdblibemscripten_js_symbols.so --import-undefined --export-if-defined=main --export-if-defined=__start_em_asm --export-if-defined=__stop_em_asm --export-if-defined=__start_em_lib_deps --export-if-defined=__stop_em_lib_deps --export-if-defined=__start_em_js --export-if-defined=__stop_em_js --export-if-defined=__main_argc_argv --export-if-defined=fflush --export-if-defined=sbrk --export-if-defined=emscripten_stack_get_end --export-if-defined=emscripten_stack_get_free --export-if-defined=emscripten_stack_get_base --export-if-defined=emscripten_stack_get_current --export-if-defined=emscripten_stack_init --export-if-defined=stackSave --export-if-defined=stackRestore --export-if-defined=stackAlloc --export-if-defined=__errno_location --export-if-defined=emscripten_get_sbrk_ptr --export-if-defined=__get_temp_ret --export-if-defined=__set_temp_ret --export-if-defined=__funcs_on_exit --export-if-defined=__wasm_call_ctors --export-if-defined=malloc --export-if-defined=free --export-table -z stack-size=65536 --initial-memory=67108864 --max-memory=67108864 --no-entry --table-base=1 --global-base=1024' failed (returned 1)
configure:5699: $? = 1
configure: failed program was:
| /* confdefs.h */
| #define PACKAGE_NAME "Websockets Doom"
| #define PACKAGE_TARNAME "doom-ws-wasm"
| #define PACKAGE_VERSION "0.0.1"
| #define PACKAGE_STRING "Websockets Doom 0.0.1"
| #define PACKAGE_BUGREPORT "celso@cloudflare.com"
| #define PACKAGE_URL ""
| #define HAVE_LIBM 1
| #define HAVE_STDIO_H 1
| #define HAVE_STDLIB_H 1
| #define HAVE_STRING_H 1
| #define HAVE_INTTYPES_H 1
| #define HAVE_STDINT_H 1
| #define HAVE_STRINGS_H 1
| #define HAVE_SYS_STAT_H 1
| #define HAVE_SYS_TYPES_H 1
| #define HAVE_UNISTD_H 1
| #define STDC_HEADERS 1
| #define HAVE_DIRENT_H 1
| #define HAVE_MMAP 1
| #define HAVE_IOPERM 1
| #define HAVE_DECL_STRCASECMP 1
| #define HAVE_DECL_STRNCASECMP 1
| /* end confdefs.h.  */
| 
| /* Override any GCC internal prototype to avoid an error.
|    Use char because int might match the return type of a GCC
|    builtin and then its argument prototype would still apply.
|    The 'extern "C"' is for builds by C++ compilers;
|    although this is not generally supported in C code supporting it here
|    has little cost and some practical benefit (sr 110532).  */
| #ifdef __cplusplus
| extern "C"
| #endif
| char amd64_iopl (void);
| int
| main (void)
| {
| return amd64_iopl ();
|   ;
|   return 0;
| }
configure:5711: result: no
configure:5837: checking for none-none-none-objdump
configure:5873: result: no
configure:5883: checking for objdump
configure:5904: found /usr/bin/objdump
configure:5916: result: objdump
configure:5941: checking for none-none-none-strip
configure:5977: result: no
configure:5987: checking for strip
configure:6008: found /usr/bin/strip
configure:6020: result: strip
configure:6116: checking for a BSD-compatible install
configure:6190: result: /usr/bin/install -c
configure:6201: checking whether build environment is sane
configure:6256: result: yes
configure:6308: checking for none-none-none-strip
configure:6341: result: strip
configure:6413: checking for a race-free mkdir -p
configure:6456: result: /usr/bin/mkdir -p
configure:6463: checking for gawk
configure:6484: found /usr/bin/gawk
configure:6496: result: gawk
configure:6507: checking whether make sets $(MAKE)
configure:6531: result: yes
configure:6553: checking whether make supports the include directive
configure:6568: make -f confmf.GNU && cat confinc.out
this is the am__doit target
configure:6571: $? = 0
configure:6590: result: yes (GNU style)
configure:6625: checking whether make supports nested variables
configure:6644: result: yes
configure:6725: checking dependency style of /home/linuxbrew/.linuxbrew/Cellar/emscripten/3.1.51/libexec/emcc
configure:6838: result: gcc3
configure:6922: checking whether make supports nested variables
configure:6941: result: yes
configure:7114: checking that generated files are newer than configure
configure:7120: result: done
configure:7143: creating ./config.status

## ---------------------- ##
## Running config.status. ##
## ---------------------- ##

This file was extended by Websockets Doom config.status 0.0.1, which was
generated by GNU Autoconf 2.72.  Invocation command line was

  CONFIG_FILES    = 
  CONFIG_HEADERS  = 
  CONFIG_LINKS    = 
  CONFIG_COMMANDS = 
  $ ./config.status 

on catfoolyou-doom-bujw3ip7r1f

config.status:921: creating Makefile
config.status:921: creating opl/Makefile
config.status:921: creating opl/examples/Makefile
config.status:921: creating pcsound/Makefile
config.status:921: creating data/Makefile
config.status:921: creating src/Makefile
config.status:921: creating src/doom/Makefile
config.status:921: creating src/resource.rc
config.status:921: creating src/setup-res.rc
config.status:921: creating textscreen/Makefile
config.status:921: creating textscreen/examples/Makefile
config.status:921: creating textscreen/fonts/Makefile
config.status:921: creating config.h
config.status:1115: executing depfiles commands
config.status:1192: cd opl       && sed -e '/# am--include-marker/d' Makefile         | make -f - am--depfiles
config.status:1197: $? = 0
config.status:1192: cd opl/examples       && sed -e '/# am--include-marker/d' Makefile         | make -f - am--depfiles
config.status:1197: $? = 0
config.status:1192: cd pcsound       && sed -e '/# am--include-marker/d' Makefile         | make -f - am--depfiles
config.status:1197: $? = 0
config.status:1192: cd src       && sed -e '/# am--include-marker/d' Makefile         | make -f - am--depfiles
config.status:1197: $? = 0
config.status:1192: cd src/doom       && sed -e '/# am--include-marker/d' Makefile         | make -f - am--depfiles
config.status:1197: $? = 0
config.status:1192: cd textscreen       && sed -e '/# am--include-marker/d' Makefile         | make -f - am--depfiles
config.status:1197: $? = 0
config.status:1192: cd textscreen/examples       && sed -e '/# am--include-marker/d' Makefile         | make -f - am--depfiles
config.status:1197: $? = 0

## ---------------- ##
## Cache variables. ##
## ---------------- ##

ac_cv_build=x86_64-pc-linux-gnu
ac_cv_c_compiler_gnu=yes
ac_cv_c_undeclared_builtin_options='none needed'
ac_cv_env_CC_set=set
ac_cv_env_CC_value=/home/linuxbrew/.linuxbrew/Cellar/emscripten/3.1.51/libexec/emcc
ac_cv_env_CFLAGS_set=
ac_cv_env_CFLAGS_value=
ac_cv_env_CPPFLAGS_set=
ac_cv_env_CPPFLAGS_value=
ac_cv_env_LDFLAGS_set=
ac_cv_env_LDFLAGS_value=
ac_cv_env_LIBS_set=
ac_cv_env_LIBS_value=
ac_cv_env_PKG_CONFIG_LIBDIR_set=set
ac_cv_env_PKG_CONFIG_LIBDIR_value=/home/linuxbrew/.linuxbrew/Cellar/emscripten/3.1.51/libexec/cache/sysroot/local/lib/pkgconfig:/home/linuxbrew/.linuxbrew/Cellar/emscripten/3.1.51/libexec/cache/sysroot/lib/pkgconfig
ac_cv_env_PKG_CONFIG_PATH_set=set
ac_cv_env_PKG_CONFIG_PATH_value=
ac_cv_env_PKG_CONFIG_set=
ac_cv_env_PKG_CONFIG_value=
ac_cv_env_PNG_CFLAGS_set=
ac_cv_env_PNG_CFLAGS_value=
ac_cv_env_PNG_LIBS_set=
ac_cv_env_PNG_LIBS_value=
ac_cv_env_SAMPLERATE_CFLAGS_set=
ac_cv_env_SAMPLERATE_CFLAGS_value=
ac_cv_env_SAMPLERATE_LIBS_set=
ac_cv_env_SAMPLERATE_LIBS_value=
ac_cv_env_build_alias_set=
ac_cv_env_build_alias_value=
ac_cv_env_host_alias_set=set
ac_cv_env_host_alias_value=none-none-none
ac_cv_env_target_alias_set=
ac_cv_env_target_alias_value=
ac_cv_exeext=.html
ac_cv_func_ioperm=yes
ac_cv_func_mmap=yes
ac_cv_have_decl_strcasecmp=yes
ac_cv_have_decl_strncasecmp=yes
ac_cv_header_dev_isa_spkrio_h=no
ac_cv_header_dev_speaker_speaker_h=no
ac_cv_header_dirent_h=yes
ac_cv_header_inttypes_h=yes
ac_cv_header_linux_kd_h=no
ac_cv_header_stdint_h=yes
ac_cv_header_stdio_h=yes
ac_cv_header_stdlib_h=yes
ac_cv_header_string_h=yes
ac_cv_header_strings_h=yes
ac_cv_header_sys_stat_h=yes
ac_cv_header_sys_types_h=yes
ac_cv_header_unistd_h=yes
ac_cv_host=none-none-none
ac_cv_lib_amd64_amd64_iopl=no
ac_cv_lib_i386_i386_iopl=no
ac_cv_lib_m_log=yes
ac_cv_objext=o
ac_cv_path_ac_pt_PKG_CONFIG=/usr/bin/pkg-config
ac_cv_path_install='/usr/bin/install -c'
ac_cv_path_mkdir=/usr/bin/mkdir
ac_cv_prog_AR=/home/linuxbrew/.linuxbrew/Cellar/emscripten/3.1.51/libexec/emar
ac_cv_prog_AWK=gawk
ac_cv_prog_CC=/home/linuxbrew/.linuxbrew/Cellar/emscripten/3.1.51/libexec/emcc
ac_cv_prog_HAVE_PYTHON=true
ac_cv_prog_RANLIB=/home/linuxbrew/.linuxbrew/Cellar/emscripten/3.1.51/libexec/emranlib
ac_cv_prog_STRIP=strip
ac_cv_prog_ac_ct_OBJDUMP=objdump
ac_cv_prog_ac_ct_STRIP=strip
ac_cv_prog_cc_c11=
ac_cv_prog_cc_g=yes
ac_cv_prog_cc_stdc=
ac_cv_prog_make_make_set=yes
am_cv_CC_dependencies_compiler_type=gcc3
am_cv_ar_interface=ar
am_cv_make_support_nested_variables=yes
am_cv_prog_cc_c_o=yes

## ----------------- ##
## Output variables. ##
## ----------------- ##

ACLOCAL='${SHELL} '\''/workspace/doom/autotools/missing'\'' aclocal-1.16'
AMDEPBACKSLASH='\'
AMDEP_FALSE='#'
AMDEP_TRUE=''
AMTAR='$${TAR-tar}'
AM_BACKSLASH='\'
AM_DEFAULT_V='$(AM_DEFAULT_VERBOSITY)'
AM_DEFAULT_VERBOSITY='0'
AM_V='$(V)'
AR='/home/linuxbrew/.linuxbrew/Cellar/emscripten/3.1.51/libexec/emar'
AUTOCONF='${SHELL} '\''/workspace/doom/autotools/missing'\'' autoconf'
AUTOHEADER='${SHELL} '\''/workspace/doom/autotools/missing'\'' autoheader'
AUTOMAKE='${SHELL} '\''/workspace/doom/autotools/missing'\'' automake-1.16'
AWK='gawk'
CC='/home/linuxbrew/.linuxbrew/Cellar/emscripten/3.1.51/libexec/emcc'
CCDEPMODE='depmode=gcc3'
CFLAGS='-O3 -g -Wall -Wdeclaration-after-statement -Wredundant-decls     -gsource-map -s INVOKE_RUN=1 -s USE_SDL=2 -s USE_SDL_MIXER=2 -s LEGACY_GL_EMULATION=0 -s USE_SDL_NET=2 -s ASSERTIONS=0 -s WASM=1 -s ALLOW_MEMORY_GROWTH=0 -s FORCE_FILESYSTEM=1 -s EXTRA_EXPORTED_RUNTIME_METHODS=['\''FS'\'','\''ccall'\''] -s SAFE_HEAP=1 -s EXIT_RUNTIME=1 -s STACK_OVERFLOW_CHECK=1 -s PROXY_POSIX_SOCKETS=0 -s USE_PTHREADS=0 -s PROXY_TO_PTHREAD=0 -s TOTAL_MEMORY=64MB -s ERROR_ON_UNDEFINED_SYMBOLS=0 -s ASYNCIFY -O3 --source-map-base /'
CPPFLAGS=''
CSCOPE='cscope'
CTAGS='ctags'
CYGPATH_W='echo'
DEFS='-DHAVE_CONFIG_H'
DEPDIR='.deps'
ECHO_C=''
ECHO_N='-n'
ECHO_T=''
ETAGS='etags'
EXEEXT='.html'
HAVE_BASH_COMPLETION_FALSE='#'
HAVE_BASH_COMPLETION_TRUE=''
HAVE_DOC_FALSE='#'
HAVE_DOC_TRUE=''
HAVE_FONTS_FALSE='#'
HAVE_FONTS_TRUE=''
HAVE_ICONS_FALSE='#'
HAVE_ICONS_TRUE=''
HAVE_PYTHON='true'
HAVE_WINDRES_FALSE=''
HAVE_WINDRES_TRUE='#'
INSTALL_DATA='${INSTALL} -m 644'
INSTALL_PROGRAM='${INSTALL}'
INSTALL_SCRIPT='${INSTALL}'
INSTALL_STRIP_PROGRAM='$(install_sh) -c -s'
LDFLAGS='    -gsource-map -s INVOKE_RUN=1 -s USE_SDL=2 -s USE_SDL_MIXER=2 -s LEGACY_GL_EMULATION=0 -s USE_SDL_NET=2 -s ASSERTIONS=0 -s WASM=1 -s ALLOW_MEMORY_GROWTH=0 -s FORCE_FILESYSTEM=1 -s EXTRA_EXPORTED_RUNTIME_METHODS=['\''FS'\'','\''ccall'\''] -s SAFE_HEAP=1 -s EXIT_RUNTIME=1 -s STACK_OVERFLOW_CHECK=1 -s PROXY_POSIX_SOCKETS=0 -s USE_PTHREADS=0 -s PROXY_TO_PTHREAD=0 -s TOTAL_MEMORY=64MB -s ERROR_ON_UNDEFINED_SYMBOLS=0 -s ASYNCIFY -O3 --source-map-base / -lwebsocket.js'
LIBOBJS=''
LIBS='-lm '
LTLIBOBJS=''
MAKEINFO='${SHELL} '\''/workspace/doom/autotools/missing'\'' makeinfo'
MKDIR_P='/usr/bin/mkdir -p'
OBJDUMP='objdump'
OBJEXT='o'
PACKAGE='doom-ws-wasm'
PACKAGE_BUGREPORT='https://github.com/cloudflare'
PACKAGE_COPYRIGHT='Copyright (C) 1993-2021'
PACKAGE_LICENSE='GNU General Public License, version 2'
PACKAGE_MAINTAINER='Celso Martinho'
PACKAGE_NAME='Websockets Doom'
PACKAGE_RDNS=''
PACKAGE_SHORTDESC='WASM WebSockets Chocolate Doom port'
PACKAGE_SHORTNAME='Websockets'
PACKAGE_STRING='Websockets Doom 0.0.1'
PACKAGE_TARNAME='doom-ws-wasm'
PACKAGE_URL='https://github.com/cloudflare'
PACKAGE_VERSION='0.0.1'
PATH_SEPARATOR=':'
PKG_CONFIG='/usr/bin/pkg-config'
PKG_CONFIG_LIBDIR='/home/linuxbrew/.linuxbrew/Cellar/emscripten/3.1.51/libexec/cache/sysroot/local/lib/pkgconfig:/home/linuxbrew/.linuxbrew/Cellar/emscripten/3.1.51/libexec/cache/sysroot/lib/pkgconfig'
PKG_CONFIG_PATH=''
PNG_CFLAGS=''
PNG_LIBS=''
PROGRAM_PREFIX='websockets-'
PROGRAM_SPREFIX='websockets'
RANLIB='/home/linuxbrew/.linuxbrew/Cellar/emscripten/3.1.51/libexec/emranlib'
SAMPLERATE_CFLAGS=''
SAMPLERATE_LIBS=''
SDLMIXER_CFLAGS=''
SDLMIXER_LIBS=''
SDLNET_CFLAGS=''
SDLNET_LIBS=''
SDL_CFLAGS=''
SDL_LIBS=''
SET_MAKE=''
SHELL='/bin/bash'
STRIP='strip'
VERSION='0.0.1'
WINDOWS_RC_VERSION='0, 0, 1, 0'
WINDRES=''
ac_aux_dir='./autotools/'
ac_ct_AR=''
ac_ct_CC=''
am__EXEEXT_FALSE='#'
am__EXEEXT_TRUE=''
am__fastdepCC_FALSE='#'
am__fastdepCC_TRUE=''
am__include='include'
am__isrc=''
am__leading_dot='.'
am__nodep='_no'
am__quote=''
am__tar='$${TAR-tar} chof - "$$tardir"'
am__untar='$${TAR-tar} xf -'
bindir='${exec_prefix}/bin'
build='x86_64-pc-linux-gnu'
build_alias=''
build_cpu='x86_64'
build_os='linux-gnu'
build_vendor='pc'
datadir='${datarootdir}'
datarootdir='${prefix}/share'
docdir='${datarootdir}/doc/${PACKAGE_TARNAME}'
dvidir='${docdir}'
exec_prefix='${prefix}'
host='none-none-none'
host_alias='none-none-none'
host_cpu='none'
host_os='none'
host_vendor='none'
htmldir='${docdir}'
includedir='${prefix}/include'
infodir='${datarootdir}/info'
install_sh='${SHELL} /workspace/doom/autotools/install-sh'
libdir='${exec_prefix}/lib'
libexecdir='${exec_prefix}/libexec'
localedir='${datarootdir}/locale'
localstatedir='${prefix}/var'
mandir='${datarootdir}/man'
mkdir_p='$(MKDIR_P)'
oldincludedir='/usr/include'
pdfdir='${docdir}'
prefix='/usr/local'
program_transform_name='s,x,x,'
psdir='${docdir}'
runstatedir='${localstatedir}/run'
sbindir='${exec_prefix}/sbin'
sharedstatedir='${prefix}/com'
sysconfdir='${prefix}/etc'
target_alias=''

## ----------- ##
## confdefs.h. ##
## ----------- ##

/* confdefs.h */
#define PACKAGE_NAME "Websockets Doom"
#define PACKAGE_TARNAME "doom-ws-wasm"
#define PACKAGE_VERSION "0.0.1"
#define PACKAGE_STRING "Websockets Doom 0.0.1"
#define PACKAGE_BUGREPORT "celso@cloudflare.com"
#define PACKAGE_URL ""
#define HAVE_LIBM 1
#define HAVE_STDIO_H 1
#define HAVE_STDLIB_H 1
#define HAVE_STRING_H 1
#define HAVE_INTTYPES_H 1
#define HAVE_STDINT_H 1
#define HAVE_STRINGS_H 1
#define HAVE_SYS_STAT_H 1
#define HAVE_SYS_TYPES_H 1
#define HAVE_UNISTD_H 1
#define STDC_HEADERS 1
#define HAVE_DIRENT_H 1
#define HAVE_MMAP 1
#define HAVE_IOPERM 1
#define HAVE_DECL_STRCASECMP 1
#define HAVE_DECL_STRNCASECMP 1
#define PACKAGE "doom-ws-wasm"
#define VERSION "0.0.1"
#define PROGRAM_PREFIX "websockets-"

configure: exit 0
